{"D:\\Universidad\\Junio 2022\\AyD1\\proyecto1_g10\\BackEnd\\server.js": {"path":"D:\\Universidad\\Junio 2022\\AyD1\\proyecto1_g10\\BackEnd\\server.js","statementMap":{"0":{"start":{"line":1,"column":16},"end":{"line":1,"column":34}},"1":{"start":{"line":2,"column":19},"end":{"line":2,"column":41}},"2":{"start":{"line":3,"column":13},"end":{"line":3,"column":28}},"3":{"start":{"line":5,"column":15},"end":{"line":5,"column":32}},"4":{"start":{"line":6,"column":26},"end":{"line":6,"column":64}},"5":{"start":{"line":7,"column":24},"end":{"line":7,"column":61}},"6":{"start":{"line":8,"column":22},"end":{"line":8,"column":48}},"7":{"start":{"line":9,"column":22},"end":{"line":9,"column":60}},"8":{"start":{"line":10,"column":16},"end":{"line":10,"column":48}},"9":{"start":{"line":11,"column":15},"end":{"line":11,"column":45}},"10":{"start":{"line":12,"column":13},"end":{"line":12,"column":43}},"11":{"start":{"line":13,"column":19},"end":{"line":13,"column":51}},"12":{"start":{"line":14,"column":18},"end":{"line":14,"column":49}},"13":{"start":{"line":15,"column":14},"end":{"line":15,"column":41}},"14":{"start":{"line":16,"column":21},"end":{"line":16,"column":54}},"15":{"start":{"line":17,"column":21},"end":{"line":17,"column":49}},"16":{"start":{"line":18,"column":20},"end":{"line":18,"column":52}},"17":{"start":{"line":19,"column":29},"end":{"line":19,"column":68}},"18":{"start":{"line":20,"column":16},"end":{"line":20,"column":45}},"19":{"start":{"line":21,"column":18},"end":{"line":21,"column":49}},"20":{"start":{"line":23,"column":12},"end":{"line":23,"column":21}},"21":{"start":{"line":24,"column":15},"end":{"line":24,"column":31}},"22":{"start":{"line":27,"column":0},"end":{"line":27,"column":51}},"23":{"start":{"line":28,"column":0},"end":{"line":28,"column":41}},"24":{"start":{"line":30,"column":0},"end":{"line":35,"column":4}},"25":{"start":{"line":36,"column":0},"end":{"line":36,"column":27}},"26":{"start":{"line":37,"column":0},"end":{"line":37,"column":51}},"27":{"start":{"line":39,"column":0},"end":{"line":45,"column":3}},"28":{"start":{"line":40,"column":1},"end":{"line":40,"column":48}},"29":{"start":{"line":41,"column":1},"end":{"line":41,"column":157}},"30":{"start":{"line":42,"column":1},"end":{"line":42,"column":79}},"31":{"start":{"line":43,"column":1},"end":{"line":43,"column":56}},"32":{"start":{"line":44,"column":1},"end":{"line":44,"column":8}},"33":{"start":{"line":47,"column":0},"end":{"line":47,"column":85}},"34":{"start":{"line":48,"column":0},"end":{"line":48,"column":92}},"35":{"start":{"line":49,"column":0},"end":{"line":49,"column":90}},"36":{"start":{"line":50,"column":0},"end":{"line":50,"column":84}},"37":{"start":{"line":51,"column":0},"end":{"line":51,"column":88}},"38":{"start":{"line":52,"column":0},"end":{"line":52,"column":97}},"39":{"start":{"line":53,"column":0},"end":{"line":53,"column":100}},"40":{"start":{"line":54,"column":0},"end":{"line":54,"column":92}},"41":{"start":{"line":55,"column":0},"end":{"line":55,"column":93}},"42":{"start":{"line":56,"column":0},"end":{"line":56,"column":95}},"43":{"start":{"line":57,"column":0},"end":{"line":57,"column":92}},"44":{"start":{"line":58,"column":0},"end":{"line":58,"column":94}},"45":{"start":{"line":60,"column":0},"end":{"line":60,"column":88}},"46":{"start":{"line":61,"column":0},"end":{"line":61,"column":84}},"47":{"start":{"line":62,"column":0},"end":{"line":62,"column":90}},"48":{"start":{"line":63,"column":0},"end":{"line":63,"column":86}},"49":{"start":{"line":65,"column":0},"end":{"line":65,"column":90}},"50":{"start":{"line":66,"column":0},"end":{"line":66,"column":90}},"51":{"start":{"line":68,"column":0},"end":{"line":68,"column":80}},"52":{"start":{"line":69,"column":0},"end":{"line":69,"column":82}},"53":{"start":{"line":70,"column":0},"end":{"line":70,"column":74}},"54":{"start":{"line":71,"column":0},"end":{"line":71,"column":96}},"55":{"start":{"line":72,"column":0},"end":{"line":72,"column":112}},"56":{"start":{"line":73,"column":0},"end":{"line":73,"column":91}},"57":{"start":{"line":74,"column":0},"end":{"line":74,"column":95}},"58":{"start":{"line":75,"column":0},"end":{"line":75,"column":95}},"59":{"start":{"line":76,"column":0},"end":{"line":76,"column":93}},"60":{"start":{"line":77,"column":0},"end":{"line":77,"column":88}},"61":{"start":{"line":78,"column":0},"end":{"line":78,"column":92}},"62":{"start":{"line":79,"column":0},"end":{"line":79,"column":92}},"63":{"start":{"line":80,"column":0},"end":{"line":80,"column":81}},"64":{"start":{"line":81,"column":0},"end":{"line":81,"column":76}},"65":{"start":{"line":82,"column":0},"end":{"line":82,"column":80}},"66":{"start":{"line":83,"column":0},"end":{"line":83,"column":80}},"67":{"start":{"line":84,"column":0},"end":{"line":84,"column":120}},"68":{"start":{"line":85,"column":0},"end":{"line":85,"column":115}},"69":{"start":{"line":86,"column":0},"end":{"line":86,"column":119}},"70":{"start":{"line":87,"column":0},"end":{"line":87,"column":119}},"71":{"start":{"line":88,"column":0},"end":{"line":88,"column":110}},"72":{"start":{"line":89,"column":0},"end":{"line":89,"column":105}},"73":{"start":{"line":90,"column":0},"end":{"line":90,"column":109}},"74":{"start":{"line":91,"column":0},"end":{"line":91,"column":109}},"75":{"start":{"line":92,"column":0},"end":{"line":92,"column":107}},"76":{"start":{"line":93,"column":0},"end":{"line":93,"column":102}},"77":{"start":{"line":94,"column":0},"end":{"line":94,"column":106}},"78":{"start":{"line":95,"column":0},"end":{"line":95,"column":106}},"79":{"start":{"line":96,"column":0},"end":{"line":96,"column":111}},"80":{"start":{"line":97,"column":0},"end":{"line":97,"column":87}},"81":{"start":{"line":98,"column":0},"end":{"line":98,"column":82}},"82":{"start":{"line":99,"column":0},"end":{"line":99,"column":86}},"83":{"start":{"line":100,"column":0},"end":{"line":100,"column":86}},"84":{"start":{"line":101,"column":0},"end":{"line":101,"column":98}},"85":{"start":{"line":102,"column":0},"end":{"line":102,"column":100}},"86":{"start":{"line":103,"column":0},"end":{"line":103,"column":104}},"87":{"start":{"line":104,"column":0},"end":{"line":104,"column":95}},"88":{"start":{"line":105,"column":0},"end":{"line":105,"column":97}},"89":{"start":{"line":106,"column":0},"end":{"line":106,"column":99}},"90":{"start":{"line":107,"column":0},"end":{"line":107,"column":92}},"91":{"start":{"line":108,"column":0},"end":{"line":108,"column":89}},"92":{"start":{"line":109,"column":0},"end":{"line":109,"column":104}},"93":{"start":{"line":111,"column":0},"end":{"line":111,"column":21}},"94":{"start":{"line":112,"column":0},"end":{"line":112,"column":21}}},"fnMap":{"0":{"name":"(anonymous_0)","decl":{"start":{"line":39,"column":8},"end":{"line":39,"column":9}},"loc":{"start":{"line":39,"column":28},"end":{"line":45,"column":1}},"line":39}},"branchMap":{},"s":{"0":14,"1":14,"2":14,"3":14,"4":14,"5":14,"6":14,"7":14,"8":14,"9":14,"10":14,"11":14,"12":14,"13":14,"14":14,"15":14,"16":14,"17":14,"18":14,"19":14,"20":14,"21":14,"22":14,"23":14,"24":14,"25":14,"26":14,"27":14,"28":114,"29":114,"30":114,"31":114,"32":114,"33":14,"34":14,"35":14,"36":14,"37":14,"38":14,"39":14,"40":14,"41":14,"42":14,"43":14,"44":14,"45":14,"46":14,"47":14,"48":14,"49":14,"50":14,"51":14,"52":14,"53":14,"54":14,"55":14,"56":14,"57":14,"58":14,"59":14,"60":14,"61":14,"62":14,"63":14,"64":14,"65":14,"66":14,"67":14,"68":14,"69":14,"70":14,"71":14,"72":14,"73":14,"74":14,"75":14,"76":14,"77":14,"78":14,"79":14,"80":14,"81":14,"82":14,"83":14,"84":14,"85":14,"86":14,"87":14,"88":14,"89":14,"90":14,"91":14,"92":14,"93":14,"94":14},"f":{"0":114},"b":{},"_coverageSchema":"1a1c01bbd47fc00a2c39e90264f33305004495a9","hash":"7604ea609f28c7ba02ed60e2bdbac703d60ce9e5"}
,"D:\\Universidad\\Junio 2022\\AyD1\\proyecto1_g10\\BackEnd\\config\\connectDb.js": {"path":"D:\\Universidad\\Junio 2022\\AyD1\\proyecto1_g10\\BackEnd\\config\\connectDb.js","statementMap":{"0":{"start":{"line":2,"column":14},"end":{"line":2,"column":30}},"1":{"start":{"line":3,"column":15},"end":{"line":3,"column":32}},"2":{"start":{"line":6,"column":13},"end":{"line":12,"column":2}},"3":{"start":{"line":14,"column":14},"end":{"line":30,"column":2}},"4":{"start":{"line":14,"column":23},"end":{"line":30,"column":2}},"5":{"start":{"line":15,"column":1},"end":{"line":29,"column":4}},"6":{"start":{"line":16,"column":2},"end":{"line":28,"column":3}},"7":{"start":{"line":17,"column":3},"end":{"line":17,"column":15}},"8":{"start":{"line":19,"column":3},"end":{"line":27,"column":6}},"9":{"start":{"line":20,"column":4},"end":{"line":24,"column":5}},"10":{"start":{"line":21,"column":5},"end":{"line":21,"column":19}},"11":{"start":{"line":23,"column":5},"end":{"line":23,"column":19}},"12":{"start":{"line":26,"column":4},"end":{"line":26,"column":23}},"13":{"start":{"line":32,"column":0},"end":{"line":32,"column":23}}},"fnMap":{"0":{"name":"(anonymous_0)","decl":{"start":{"line":14,"column":14},"end":{"line":14,"column":15}},"loc":{"start":{"line":14,"column":23},"end":{"line":30,"column":2}},"line":14},"1":{"name":"(anonymous_1)","decl":{"start":{"line":14,"column":35},"end":{"line":14,"column":36}},"loc":{"start":{"line":14,"column":56},"end":{"line":30,"column":1}},"line":14},"2":{"name":"(anonymous_2)","decl":{"start":{"line":15,"column":20},"end":{"line":15,"column":21}},"loc":{"start":{"line":15,"column":39},"end":{"line":29,"column":2}},"line":15},"3":{"name":"(anonymous_3)","decl":{"start":{"line":19,"column":23},"end":{"line":19,"column":24}},"loc":{"start":{"line":19,"column":40},"end":{"line":27,"column":4}},"line":19}},"branchMap":{"0":{"loc":{"start":{"line":16,"column":2},"end":{"line":28,"column":3}},"type":"if","locations":[{"start":{"line":16,"column":2},"end":{"line":28,"column":3}},{"start":{"line":18,"column":9},"end":{"line":28,"column":3}}],"line":16},"1":{"loc":{"start":{"line":20,"column":4},"end":{"line":24,"column":5}},"type":"if","locations":[{"start":{"line":20,"column":4},"end":{"line":24,"column":5}},{"start":{"line":22,"column":11},"end":{"line":24,"column":5}}],"line":20}},"s":{"0":14,"1":14,"2":14,"3":14,"4":1,"5":1,"6":1,"7":0,"8":1,"9":1,"10":0,"11":1,"12":1,"13":14},"f":{"0":1,"1":1,"2":1,"3":1},"b":{"0":[0,1],"1":[0,1]},"_coverageSchema":"1a1c01bbd47fc00a2c39e90264f33305004495a9","hash":"7b8cb217d95b5aff937f8572e862cfd6f0fc9a0c"}
,"D:\\Universidad\\Junio 2022\\AyD1\\proyecto1_g10\\BackEnd\\config\\connectDb2.js": {"path":"D:\\Universidad\\Junio 2022\\AyD1\\proyecto1_g10\\BackEnd\\config\\connectDb2.js","statementMap":{"0":{"start":{"line":1,"column":14},"end":{"line":1,"column":30}},"1":{"start":{"line":2,"column":15},"end":{"line":2,"column":32}},"2":{"start":{"line":4,"column":19},"end":{"line":10,"column":2}},"3":{"start":{"line":12,"column":0},"end":{"line":15,"column":3}},"4":{"start":{"line":13,"column":1},"end":{"line":14,"column":61}},"5":{"start":{"line":13,"column":10},"end":{"line":13,"column":80}},"6":{"start":{"line":14,"column":6},"end":{"line":14,"column":61}},"7":{"start":{"line":17,"column":0},"end":{"line":17,"column":28}}},"fnMap":{"0":{"name":"(anonymous_0)","decl":{"start":{"line":12,"column":19},"end":{"line":12,"column":20}},"loc":{"start":{"line":12,"column":28},"end":{"line":15,"column":1}},"line":12}},"branchMap":{"0":{"loc":{"start":{"line":13,"column":1},"end":{"line":14,"column":61}},"type":"if","locations":[{"start":{"line":13,"column":1},"end":{"line":14,"column":61}},{"start":{"line":14,"column":6},"end":{"line":14,"column":61}}],"line":13}},"s":{"0":14,"1":14,"2":14,"3":14,"4":13,"5":0,"6":13,"7":14},"f":{"0":13},"b":{"0":[0,13]},"_coverageSchema":"1a1c01bbd47fc00a2c39e90264f33305004495a9","hash":"81ee4675d344b658dd74ae333c524613e87766be"}
,"D:\\Universidad\\Junio 2022\\AyD1\\proyecto1_g10\\BackEnd\\config\\connectS3.js": {"path":"D:\\Universidad\\Junio 2022\\AyD1\\proyecto1_g10\\BackEnd\\config\\connectS3.js","statementMap":{"0":{"start":{"line":1,"column":12},"end":{"line":1,"column":30}},"1":{"start":{"line":3,"column":15},"end":{"line":3,"column":26}},"2":{"start":{"line":4,"column":20},"end":{"line":4,"column":42}},"3":{"start":{"line":5,"column":24},"end":{"line":5,"column":66}},"4":{"start":{"line":6,"column":19},"end":{"line":6,"column":39}},"5":{"start":{"line":7,"column":16},"end":{"line":7,"column":36}},"6":{"start":{"line":9,"column":0},"end":{"line":13,"column":3}},"7":{"start":{"line":15,"column":11},"end":{"line":15,"column":23}},"8":{"start":{"line":19,"column":14},"end":{"line":19,"column":42}},"9":{"start":{"line":20,"column":22},"end":{"line":25,"column":2}},"10":{"start":{"line":27,"column":1},"end":{"line":27,"column":45}},"11":{"start":{"line":30,"column":0},"end":{"line":30,"column":32}},"12":{"start":{"line":31,"column":0},"end":{"line":31,"column":32}},"13":{"start":{"line":32,"column":0},"end":{"line":32,"column":26}}},"fnMap":{"0":{"name":"uploadFile","decl":{"start":{"line":18,"column":9},"end":{"line":18,"column":19}},"loc":{"start":{"line":18,"column":37},"end":{"line":28,"column":1}},"line":18}},"branchMap":{},"s":{"0":14,"1":14,"2":14,"3":14,"4":14,"5":14,"6":14,"7":14,"8":3,"9":3,"10":3,"11":14,"12":14,"13":14},"f":{"0":3},"b":{},"_coverageSchema":"1a1c01bbd47fc00a2c39e90264f33305004495a9","hash":"dbf06bace97ff2ffae8595c9c5c1a20e448ef9f4"}
,"D:\\Universidad\\Junio 2022\\AyD1\\proyecto1_g10\\BackEnd\\services\\Automovil.js": {"path":"D:\\Universidad\\Junio 2022\\AyD1\\proyecto1_g10\\BackEnd\\services\\Automovil.js","statementMap":{"0":{"start":{"line":2,"column":11},"end":{"line":2,"column":41}},"1":{"start":{"line":3,"column":19},"end":{"line":3,"column":50}},"2":{"start":{"line":12,"column":4},"end":{"line":12,"column":27}},"3":{"start":{"line":15,"column":1},"end":{"line":15,"column":41}},"4":{"start":{"line":19,"column":14},"end":{"line":19,"column":24}},"5":{"start":{"line":20,"column":16},"end":{"line":20,"column":135}},"6":{"start":{"line":21,"column":19},"end":{"line":21,"column":30}},"7":{"start":{"line":22,"column":17},"end":{"line":22,"column":49}},"8":{"start":{"line":23,"column":24},"end":{"line":23,"column":80}},"9":{"start":{"line":24,"column":1},"end":{"line":24,"column":30}},"10":{"start":{"line":25,"column":1},"end":{"line":25,"column":23}},"11":{"start":{"line":28,"column":0},"end":{"line":66,"column":2}},"12":{"start":{"line":37,"column":5},"end":{"line":37,"column":13}},"13":{"start":{"line":38,"column":1},"end":{"line":40,"column":2}},"14":{"start":{"line":39,"column":2},"end":{"line":39,"column":76}},"15":{"start":{"line":41,"column":1},"end":{"line":43,"column":2}},"16":{"start":{"line":42,"column":2},"end":{"line":42,"column":72}},"17":{"start":{"line":44,"column":1},"end":{"line":46,"column":2}},"18":{"start":{"line":45,"column":2},"end":{"line":45,"column":73}},"19":{"start":{"line":47,"column":1},"end":{"line":49,"column":2}},"20":{"start":{"line":48,"column":2},"end":{"line":48,"column":73}},"21":{"start":{"line":50,"column":1},"end":{"line":52,"column":2}},"22":{"start":{"line":51,"column":2},"end":{"line":51,"column":83}},"23":{"start":{"line":53,"column":1},"end":{"line":55,"column":2}},"24":{"start":{"line":54,"column":2},"end":{"line":54,"column":85}},"25":{"start":{"line":56,"column":1},"end":{"line":58,"column":2}},"26":{"start":{"line":57,"column":2},"end":{"line":57,"column":82}},"27":{"start":{"line":59,"column":14},"end":{"line":59,"column":38}},"28":{"start":{"line":61,"column":18},"end":{"line":61,"column":34}},"29":{"start":{"line":63,"column":16},"end":{"line":63,"column":102}},"30":{"start":{"line":65,"column":1},"end":{"line":65,"column":100}},"31":{"start":{"line":68,"column":0},"end":{"line":77,"column":2}},"32":{"start":{"line":69,"column":21},"end":{"line":69,"column":49}},"33":{"start":{"line":70,"column":14},"end":{"line":70,"column":16}},"34":{"start":{"line":72,"column":1},"end":{"line":74,"column":2}},"35":{"start":{"line":72,"column":18},"end":{"line":72,"column":19}},"36":{"start":{"line":73,"column":2},"end":{"line":73,"column":35}},"37":{"start":{"line":76,"column":1},"end":{"line":76,"column":39}},"38":{"start":{"line":79,"column":0},"end":{"line":101,"column":2}},"39":{"start":{"line":90,"column":5},"end":{"line":90,"column":13}},"40":{"start":{"line":91,"column":19},"end":{"line":91,"column":65}},"41":{"start":{"line":92,"column":1},"end":{"line":94,"column":2}},"42":{"start":{"line":93,"column":2},"end":{"line":93,"column":57}},"43":{"start":{"line":96,"column":14},"end":{"line":96,"column":38}},"44":{"start":{"line":98,"column":16},"end":{"line":98,"column":117}},"45":{"start":{"line":100,"column":1},"end":{"line":100,"column":106}},"46":{"start":{"line":103,"column":0},"end":{"line":115,"column":2}},"47":{"start":{"line":106,"column":5},"end":{"line":106,"column":13}},"48":{"start":{"line":107,"column":19},"end":{"line":107,"column":65}},"49":{"start":{"line":108,"column":1},"end":{"line":110,"column":2}},"50":{"start":{"line":109,"column":2},"end":{"line":109,"column":57}},"51":{"start":{"line":112,"column":16},"end":{"line":112,"column":57}},"52":{"start":{"line":114,"column":1},"end":{"line":114,"column":104}},"53":{"start":{"line":117,"column":0},"end":{"line":131,"column":2}},"54":{"start":{"line":120,"column":5},"end":{"line":120,"column":13}},"55":{"start":{"line":121,"column":15},"end":{"line":121,"column":60}},"56":{"start":{"line":122,"column":1},"end":{"line":124,"column":2}},"57":{"start":{"line":123,"column":2},"end":{"line":123,"column":90}},"58":{"start":{"line":125,"column":14},"end":{"line":125,"column":16}},"59":{"start":{"line":127,"column":1},"end":{"line":129,"column":2}},"60":{"start":{"line":127,"column":18},"end":{"line":127,"column":19}},"61":{"start":{"line":128,"column":2},"end":{"line":128,"column":29}},"62":{"start":{"line":130,"column":1},"end":{"line":130,"column":39}},"63":{"start":{"line":133,"column":0},"end":{"line":147,"column":2}},"64":{"start":{"line":136,"column":5},"end":{"line":136,"column":15}},"65":{"start":{"line":137,"column":14},"end":{"line":137,"column":53}},"66":{"start":{"line":138,"column":1},"end":{"line":140,"column":2}},"67":{"start":{"line":139,"column":2},"end":{"line":139,"column":68}},"68":{"start":{"line":141,"column":14},"end":{"line":141,"column":16}},"69":{"start":{"line":143,"column":1},"end":{"line":145,"column":2}},"70":{"start":{"line":143,"column":18},"end":{"line":143,"column":19}},"71":{"start":{"line":144,"column":2},"end":{"line":144,"column":28}},"72":{"start":{"line":146,"column":1},"end":{"line":146,"column":35}}},"fnMap":{"0":{"name":"reverse","decl":{"start":{"line":14,"column":9},"end":{"line":14,"column":16}},"loc":{"start":{"line":14,"column":20},"end":{"line":16,"column":1}},"line":14},"1":{"name":"bucketS3","decl":{"start":{"line":18,"column":9},"end":{"line":18,"column":17}},"loc":{"start":{"line":18,"column":24},"end":{"line":26,"column":1}},"line":18},"2":{"name":"(anonymous_2)","decl":{"start":{"line":28,"column":26},"end":{"line":28,"column":27}},"loc":{"start":{"line":28,"column":46},"end":{"line":66,"column":1}},"line":28},"3":{"name":"(anonymous_3)","decl":{"start":{"line":68,"column":24},"end":{"line":68,"column":25}},"loc":{"start":{"line":68,"column":44},"end":{"line":77,"column":1}},"line":68},"4":{"name":"(anonymous_4)","decl":{"start":{"line":79,"column":26},"end":{"line":79,"column":27}},"loc":{"start":{"line":79,"column":46},"end":{"line":101,"column":1}},"line":79},"5":{"name":"(anonymous_5)","decl":{"start":{"line":103,"column":26},"end":{"line":103,"column":27}},"loc":{"start":{"line":103,"column":46},"end":{"line":115,"column":1}},"line":103},"6":{"name":"(anonymous_6)","decl":{"start":{"line":117,"column":29},"end":{"line":117,"column":30}},"loc":{"start":{"line":117,"column":49},"end":{"line":131,"column":1}},"line":117},"7":{"name":"(anonymous_7)","decl":{"start":{"line":133,"column":34},"end":{"line":133,"column":35}},"loc":{"start":{"line":133,"column":54},"end":{"line":147,"column":1}},"line":133}},"branchMap":{"0":{"loc":{"start":{"line":38,"column":1},"end":{"line":40,"column":2}},"type":"if","locations":[{"start":{"line":38,"column":1},"end":{"line":40,"column":2}},{"start":{},"end":{}}],"line":38},"1":{"loc":{"start":{"line":41,"column":1},"end":{"line":43,"column":2}},"type":"if","locations":[{"start":{"line":41,"column":1},"end":{"line":43,"column":2}},{"start":{},"end":{}}],"line":41},"2":{"loc":{"start":{"line":44,"column":1},"end":{"line":46,"column":2}},"type":"if","locations":[{"start":{"line":44,"column":1},"end":{"line":46,"column":2}},{"start":{},"end":{}}],"line":44},"3":{"loc":{"start":{"line":47,"column":1},"end":{"line":49,"column":2}},"type":"if","locations":[{"start":{"line":47,"column":1},"end":{"line":49,"column":2}},{"start":{},"end":{}}],"line":47},"4":{"loc":{"start":{"line":50,"column":1},"end":{"line":52,"column":2}},"type":"if","locations":[{"start":{"line":50,"column":1},"end":{"line":52,"column":2}},{"start":{},"end":{}}],"line":50},"5":{"loc":{"start":{"line":53,"column":1},"end":{"line":55,"column":2}},"type":"if","locations":[{"start":{"line":53,"column":1},"end":{"line":55,"column":2}},{"start":{},"end":{}}],"line":53},"6":{"loc":{"start":{"line":56,"column":1},"end":{"line":58,"column":2}},"type":"if","locations":[{"start":{"line":56,"column":1},"end":{"line":58,"column":2}},{"start":{},"end":{}}],"line":56},"7":{"loc":{"start":{"line":92,"column":1},"end":{"line":94,"column":2}},"type":"if","locations":[{"start":{"line":92,"column":1},"end":{"line":94,"column":2}},{"start":{},"end":{}}],"line":92},"8":{"loc":{"start":{"line":108,"column":1},"end":{"line":110,"column":2}},"type":"if","locations":[{"start":{"line":108,"column":1},"end":{"line":110,"column":2}},{"start":{},"end":{}}],"line":108},"9":{"loc":{"start":{"line":122,"column":1},"end":{"line":124,"column":2}},"type":"if","locations":[{"start":{"line":122,"column":1},"end":{"line":124,"column":2}},{"start":{},"end":{}}],"line":122},"10":{"loc":{"start":{"line":138,"column":1},"end":{"line":140,"column":2}},"type":"if","locations":[{"start":{"line":138,"column":1},"end":{"line":140,"column":2}},{"start":{},"end":{}}],"line":138}},"s":{"0":14,"1":14,"2":14,"3":2,"4":1,"5":1,"6":1,"7":1,"8":1,"9":1,"10":1,"11":14,"12":8,"13":8,"14":1,"15":7,"16":1,"17":6,"18":1,"19":5,"20":1,"21":4,"22":1,"23":3,"24":1,"25":2,"26":1,"27":1,"28":1,"29":1,"30":1,"31":14,"32":1,"33":1,"34":1,"35":1,"36":53,"37":1,"38":14,"39":2,"40":2,"41":2,"42":1,"43":1,"44":1,"45":1,"46":14,"47":2,"48":2,"49":2,"50":1,"51":1,"52":1,"53":14,"54":2,"55":2,"56":2,"57":1,"58":1,"59":1,"60":1,"61":2,"62":1,"63":14,"64":2,"65":2,"66":2,"67":1,"68":1,"69":1,"70":1,"71":1,"72":1},"f":{"0":2,"1":1,"2":8,"3":1,"4":2,"5":2,"6":2,"7":2},"b":{"0":[1,7],"1":[1,6],"2":[1,5],"3":[1,4],"4":[1,3],"5":[1,2],"6":[1,1],"7":[1,1],"8":[1,1],"9":[1,1],"10":[1,1]},"_coverageSchema":"1a1c01bbd47fc00a2c39e90264f33305004495a9","hash":"196575e8b9e8c2c2754f6ab1eaea7b8b5f0cd0ab"}
,"D:\\Universidad\\Junio 2022\\AyD1\\proyecto1_g10\\BackEnd\\services\\FindCity.js": {"path":"D:\\Universidad\\Junio 2022\\AyD1\\proyecto1_g10\\BackEnd\\services\\FindCity.js","statementMap":{"0":{"start":{"line":1,"column":19},"end":{"line":1,"column":50}},"1":{"start":{"line":2,"column":23},"end":{"line":2,"column":46}},"2":{"start":{"line":4,"column":0},"end":{"line":15,"column":2}},"3":{"start":{"line":5,"column":14},"end":{"line":5,"column":42}},"4":{"start":{"line":6,"column":1},"end":{"line":8,"column":2}},"5":{"start":{"line":7,"column":2},"end":{"line":7,"column":57}},"6":{"start":{"line":9,"column":18},"end":{"line":9,"column":20}},"7":{"start":{"line":11,"column":1},"end":{"line":13,"column":2}},"8":{"start":{"line":11,"column":18},"end":{"line":11,"column":19}},"9":{"start":{"line":12,"column":2},"end":{"line":12,"column":32}},"10":{"start":{"line":14,"column":1},"end":{"line":14,"column":43}}},"fnMap":{"0":{"name":"(anonymous_0)","decl":{"start":{"line":4,"column":20},"end":{"line":4,"column":21}},"loc":{"start":{"line":4,"column":40},"end":{"line":15,"column":1}},"line":4}},"branchMap":{"0":{"loc":{"start":{"line":6,"column":1},"end":{"line":8,"column":2}},"type":"if","locations":[{"start":{"line":6,"column":1},"end":{"line":8,"column":2}},{"start":{},"end":{}}],"line":6}},"s":{"0":14,"1":14,"2":14,"3":1,"4":1,"5":0,"6":1,"7":1,"8":1,"9":2,"10":1},"f":{"0":1},"b":{"0":[0,1]},"_coverageSchema":"1a1c01bbd47fc00a2c39e90264f33305004495a9","hash":"35707ec52ee4b7629bd8dcb76baa872e32b5629d"}
,"D:\\Universidad\\Junio 2022\\AyD1\\proyecto1_g10\\BackEnd\\services\\FindUser.js": {"path":"D:\\Universidad\\Junio 2022\\AyD1\\proyecto1_g10\\BackEnd\\services\\FindUser.js","statementMap":{"0":{"start":{"line":1,"column":12},"end":{"line":1,"column":26}},"1":{"start":{"line":2,"column":19},"end":{"line":2,"column":50}},"2":{"start":{"line":3,"column":42},"end":{"line":3,"column":65}},"3":{"start":{"line":5,"column":0},"end":{"line":14,"column":2}},"4":{"start":{"line":8,"column":5},"end":{"line":8,"column":13}},"5":{"start":{"line":9,"column":14},"end":{"line":9,"column":59}},"6":{"start":{"line":10,"column":1},"end":{"line":12,"column":2}},"7":{"start":{"line":11,"column":2},"end":{"line":11,"column":55}},"8":{"start":{"line":13,"column":1},"end":{"line":13,"column":38}},"9":{"start":{"line":16,"column":0},"end":{"line":32,"column":2}},"10":{"start":{"line":23,"column":5},"end":{"line":23,"column":13}},"11":{"start":{"line":24,"column":14},"end":{"line":24,"column":59}},"12":{"start":{"line":25,"column":1},"end":{"line":27,"column":2}},"13":{"start":{"line":26,"column":2},"end":{"line":26,"column":55}},"14":{"start":{"line":28,"column":21},"end":{"line":28,"column":30}},"15":{"start":{"line":29,"column":14},"end":{"line":29,"column":55}},"16":{"start":{"line":30,"column":16},"end":{"line":30,"column":89}},"17":{"start":{"line":31,"column":1},"end":{"line":31,"column":103}}},"fnMap":{"0":{"name":"(anonymous_0)","decl":{"start":{"line":5,"column":20},"end":{"line":5,"column":21}},"loc":{"start":{"line":5,"column":40},"end":{"line":14,"column":1}},"line":5},"1":{"name":"(anonymous_1)","decl":{"start":{"line":16,"column":23},"end":{"line":16,"column":24}},"loc":{"start":{"line":16,"column":43},"end":{"line":32,"column":1}},"line":16}},"branchMap":{"0":{"loc":{"start":{"line":10,"column":1},"end":{"line":12,"column":2}},"type":"if","locations":[{"start":{"line":10,"column":1},"end":{"line":12,"column":2}},{"start":{},"end":{}}],"line":10},"1":{"loc":{"start":{"line":25,"column":1},"end":{"line":27,"column":2}},"type":"if","locations":[{"start":{"line":25,"column":1},"end":{"line":27,"column":2}},{"start":{},"end":{}}],"line":25}},"s":{"0":14,"1":14,"2":14,"3":14,"4":2,"5":2,"6":2,"7":1,"8":1,"9":14,"10":2,"11":2,"12":2,"13":1,"14":1,"15":1,"16":1,"17":1},"f":{"0":2,"1":2},"b":{"0":[1,1],"1":[1,1]},"_coverageSchema":"1a1c01bbd47fc00a2c39e90264f33305004495a9","hash":"679ffee9cf4b9b3f76b99751d7001c26eed85d7d"}
,"D:\\Universidad\\Junio 2022\\AyD1\\proyecto1_g10\\BackEnd\\services\\GetReservaUsuario.js": {"path":"D:\\Universidad\\Junio 2022\\AyD1\\proyecto1_g10\\BackEnd\\services\\GetReservaUsuario.js","statementMap":{"0":{"start":{"line":1,"column":19},"end":{"line":1,"column":50}},"1":{"start":{"line":6,"column":4},"end":{"line":6,"column":27}},"2":{"start":{"line":8,"column":0},"end":{"line":35,"column":2}},"3":{"start":{"line":11,"column":5},"end":{"line":11,"column":13}},"4":{"start":{"line":12,"column":1},"end":{"line":14,"column":2}},"5":{"start":{"line":13,"column":2},"end":{"line":13,"column":70}},"6":{"start":{"line":15,"column":21},"end":{"line":15,"column":23}},"7":{"start":{"line":16,"column":22},"end":{"line":16,"column":24}},"8":{"start":{"line":17,"column":22},"end":{"line":17,"column":24}},"9":{"start":{"line":18,"column":15},"end":{"line":18,"column":66}},"10":{"start":{"line":19,"column":16},"end":{"line":19,"column":68}},"11":{"start":{"line":20,"column":17},"end":{"line":20,"column":69}},"12":{"start":{"line":23,"column":1},"end":{"line":25,"column":2}},"13":{"start":{"line":23,"column":18},"end":{"line":23,"column":19}},"14":{"start":{"line":24,"column":2},"end":{"line":24,"column":36}},"15":{"start":{"line":27,"column":1},"end":{"line":29,"column":2}},"16":{"start":{"line":27,"column":18},"end":{"line":27,"column":19}},"17":{"start":{"line":28,"column":2},"end":{"line":28,"column":38}},"18":{"start":{"line":31,"column":1},"end":{"line":33,"column":2}},"19":{"start":{"line":31,"column":18},"end":{"line":31,"column":19}},"20":{"start":{"line":32,"column":2},"end":{"line":32,"column":39}},"21":{"start":{"line":34,"column":1},"end":{"line":34,"column":74}}},"fnMap":{"0":{"name":"(anonymous_0)","decl":{"start":{"line":8,"column":28},"end":{"line":8,"column":29}},"loc":{"start":{"line":8,"column":48},"end":{"line":35,"column":1}},"line":8}},"branchMap":{"0":{"loc":{"start":{"line":12,"column":1},"end":{"line":14,"column":2}},"type":"if","locations":[{"start":{"line":12,"column":1},"end":{"line":14,"column":2}},{"start":{},"end":{}}],"line":12}},"s":{"0":14,"1":14,"2":14,"3":2,"4":2,"5":1,"6":1,"7":1,"8":1,"9":1,"10":1,"11":1,"12":1,"13":1,"14":0,"15":1,"16":1,"17":0,"18":1,"19":1,"20":0,"21":1},"f":{"0":2},"b":{"0":[1,1]},"_coverageSchema":"1a1c01bbd47fc00a2c39e90264f33305004495a9","hash":"dd8c7f8ea9858dbe88f5b98c75df994ae4099c0a"}
,"D:\\Universidad\\Junio 2022\\AyD1\\proyecto1_g10\\BackEnd\\services\\Habitacion.js": {"path":"D:\\Universidad\\Junio 2022\\AyD1\\proyecto1_g10\\BackEnd\\services\\Habitacion.js","statementMap":{"0":{"start":{"line":4,"column":11},"end":{"line":4,"column":41}},"1":{"start":{"line":5,"column":19},"end":{"line":5,"column":50}},"2":{"start":{"line":14,"column":4},"end":{"line":14,"column":27}},"3":{"start":{"line":17,"column":1},"end":{"line":17,"column":41}},"4":{"start":{"line":21,"column":14},"end":{"line":21,"column":24}},"5":{"start":{"line":22,"column":16},"end":{"line":22,"column":135}},"6":{"start":{"line":23,"column":19},"end":{"line":23,"column":30}},"7":{"start":{"line":24,"column":17},"end":{"line":24,"column":49}},"8":{"start":{"line":25,"column":24},"end":{"line":25,"column":80}},"9":{"start":{"line":26,"column":1},"end":{"line":26,"column":30}},"10":{"start":{"line":27,"column":1},"end":{"line":27,"column":23}},"11":{"start":{"line":30,"column":0},"end":{"line":65,"column":2}},"12":{"start":{"line":39,"column":5},"end":{"line":39,"column":13}},"13":{"start":{"line":41,"column":1},"end":{"line":43,"column":2}},"14":{"start":{"line":42,"column":2},"end":{"line":42,"column":84}},"15":{"start":{"line":44,"column":1},"end":{"line":46,"column":2}},"16":{"start":{"line":45,"column":2},"end":{"line":45,"column":77}},"17":{"start":{"line":47,"column":1},"end":{"line":49,"column":2}},"18":{"start":{"line":48,"column":2},"end":{"line":48,"column":77}},"19":{"start":{"line":50,"column":1},"end":{"line":52,"column":2}},"20":{"start":{"line":51,"column":2},"end":{"line":51,"column":91}},"21":{"start":{"line":53,"column":1},"end":{"line":55,"column":2}},"22":{"start":{"line":54,"column":2},"end":{"line":54,"column":75}},"23":{"start":{"line":56,"column":1},"end":{"line":58,"column":2}},"24":{"start":{"line":57,"column":2},"end":{"line":57,"column":82}},"25":{"start":{"line":59,"column":14},"end":{"line":59,"column":38}},"26":{"start":{"line":60,"column":18},"end":{"line":60,"column":36}},"27":{"start":{"line":62,"column":16},"end":{"line":62,"column":103}},"28":{"start":{"line":64,"column":1},"end":{"line":64,"column":101}},"29":{"start":{"line":67,"column":0},"end":{"line":75,"column":2}},"30":{"start":{"line":68,"column":22},"end":{"line":68,"column":51}},"31":{"start":{"line":69,"column":14},"end":{"line":69,"column":16}},"32":{"start":{"line":71,"column":1},"end":{"line":73,"column":2}},"33":{"start":{"line":71,"column":18},"end":{"line":71,"column":19}},"34":{"start":{"line":72,"column":2},"end":{"line":72,"column":36}},"35":{"start":{"line":74,"column":1},"end":{"line":74,"column":39}},"36":{"start":{"line":77,"column":0},"end":{"line":96,"column":2}},"37":{"start":{"line":85,"column":5},"end":{"line":85,"column":13}},"38":{"start":{"line":86,"column":20},"end":{"line":86,"column":68}},"39":{"start":{"line":87,"column":1},"end":{"line":89,"column":2}},"40":{"start":{"line":88,"column":2},"end":{"line":88,"column":58}},"41":{"start":{"line":91,"column":14},"end":{"line":91,"column":38}},"42":{"start":{"line":93,"column":16},"end":{"line":93,"column":103}},"43":{"start":{"line":95,"column":1},"end":{"line":95,"column":41}},"44":{"start":{"line":98,"column":0},"end":{"line":110,"column":2}},"45":{"start":{"line":101,"column":5},"end":{"line":101,"column":13}},"46":{"start":{"line":102,"column":20},"end":{"line":102,"column":68}},"47":{"start":{"line":103,"column":1},"end":{"line":105,"column":2}},"48":{"start":{"line":104,"column":2},"end":{"line":104,"column":58}},"49":{"start":{"line":107,"column":16},"end":{"line":107,"column":59}},"50":{"start":{"line":109,"column":1},"end":{"line":109,"column":41}},"51":{"start":{"line":112,"column":0},"end":{"line":126,"column":2}},"52":{"start":{"line":115,"column":5},"end":{"line":115,"column":13}},"53":{"start":{"line":116,"column":22},"end":{"line":116,"column":74}},"54":{"start":{"line":117,"column":1},"end":{"line":119,"column":2}},"55":{"start":{"line":118,"column":2},"end":{"line":118,"column":97}},"56":{"start":{"line":120,"column":14},"end":{"line":120,"column":16}},"57":{"start":{"line":122,"column":1},"end":{"line":124,"column":2}},"58":{"start":{"line":122,"column":18},"end":{"line":122,"column":19}},"59":{"start":{"line":123,"column":2},"end":{"line":123,"column":36}},"60":{"start":{"line":125,"column":1},"end":{"line":125,"column":39}},"61":{"start":{"line":128,"column":0},"end":{"line":142,"column":2}},"62":{"start":{"line":131,"column":5},"end":{"line":131,"column":15}},"63":{"start":{"line":132,"column":20},"end":{"line":132,"column":66}},"64":{"start":{"line":133,"column":1},"end":{"line":135,"column":2}},"65":{"start":{"line":134,"column":2},"end":{"line":134,"column":63}},"66":{"start":{"line":136,"column":14},"end":{"line":136,"column":16}},"67":{"start":{"line":138,"column":1},"end":{"line":140,"column":2}},"68":{"start":{"line":138,"column":18},"end":{"line":138,"column":19}},"69":{"start":{"line":139,"column":2},"end":{"line":139,"column":34}},"70":{"start":{"line":141,"column":1},"end":{"line":141,"column":35}}},"fnMap":{"0":{"name":"reverse","decl":{"start":{"line":16,"column":9},"end":{"line":16,"column":16}},"loc":{"start":{"line":16,"column":20},"end":{"line":18,"column":1}},"line":16},"1":{"name":"bucketS3","decl":{"start":{"line":20,"column":9},"end":{"line":20,"column":17}},"loc":{"start":{"line":20,"column":24},"end":{"line":28,"column":1}},"line":20},"2":{"name":"(anonymous_2)","decl":{"start":{"line":30,"column":27},"end":{"line":30,"column":28}},"loc":{"start":{"line":30,"column":47},"end":{"line":65,"column":1}},"line":30},"3":{"name":"(anonymous_3)","decl":{"start":{"line":67,"column":25},"end":{"line":67,"column":26}},"loc":{"start":{"line":67,"column":45},"end":{"line":75,"column":1}},"line":67},"4":{"name":"(anonymous_4)","decl":{"start":{"line":77,"column":27},"end":{"line":77,"column":28}},"loc":{"start":{"line":77,"column":47},"end":{"line":96,"column":1}},"line":77},"5":{"name":"(anonymous_5)","decl":{"start":{"line":98,"column":27},"end":{"line":98,"column":28}},"loc":{"start":{"line":98,"column":47},"end":{"line":110,"column":1}},"line":98},"6":{"name":"(anonymous_6)","decl":{"start":{"line":112,"column":36},"end":{"line":112,"column":37}},"loc":{"start":{"line":112,"column":56},"end":{"line":126,"column":1}},"line":112},"7":{"name":"(anonymous_7)","decl":{"start":{"line":128,"column":39},"end":{"line":128,"column":40}},"loc":{"start":{"line":128,"column":59},"end":{"line":142,"column":1}},"line":128}},"branchMap":{"0":{"loc":{"start":{"line":41,"column":1},"end":{"line":43,"column":2}},"type":"if","locations":[{"start":{"line":41,"column":1},"end":{"line":43,"column":2}},{"start":{},"end":{}}],"line":41},"1":{"loc":{"start":{"line":44,"column":1},"end":{"line":46,"column":2}},"type":"if","locations":[{"start":{"line":44,"column":1},"end":{"line":46,"column":2}},{"start":{},"end":{}}],"line":44},"2":{"loc":{"start":{"line":47,"column":1},"end":{"line":49,"column":2}},"type":"if","locations":[{"start":{"line":47,"column":1},"end":{"line":49,"column":2}},{"start":{},"end":{}}],"line":47},"3":{"loc":{"start":{"line":50,"column":1},"end":{"line":52,"column":2}},"type":"if","locations":[{"start":{"line":50,"column":1},"end":{"line":52,"column":2}},{"start":{},"end":{}}],"line":50},"4":{"loc":{"start":{"line":53,"column":1},"end":{"line":55,"column":2}},"type":"if","locations":[{"start":{"line":53,"column":1},"end":{"line":55,"column":2}},{"start":{},"end":{}}],"line":53},"5":{"loc":{"start":{"line":56,"column":1},"end":{"line":58,"column":2}},"type":"if","locations":[{"start":{"line":56,"column":1},"end":{"line":58,"column":2}},{"start":{},"end":{}}],"line":56},"6":{"loc":{"start":{"line":87,"column":1},"end":{"line":89,"column":2}},"type":"if","locations":[{"start":{"line":87,"column":1},"end":{"line":89,"column":2}},{"start":{},"end":{}}],"line":87},"7":{"loc":{"start":{"line":103,"column":1},"end":{"line":105,"column":2}},"type":"if","locations":[{"start":{"line":103,"column":1},"end":{"line":105,"column":2}},{"start":{},"end":{}}],"line":103},"8":{"loc":{"start":{"line":117,"column":1},"end":{"line":119,"column":2}},"type":"if","locations":[{"start":{"line":117,"column":1},"end":{"line":119,"column":2}},{"start":{},"end":{}}],"line":117},"9":{"loc":{"start":{"line":133,"column":1},"end":{"line":135,"column":2}},"type":"if","locations":[{"start":{"line":133,"column":1},"end":{"line":135,"column":2}},{"start":{},"end":{}}],"line":133}},"s":{"0":14,"1":14,"2":14,"3":2,"4":1,"5":1,"6":1,"7":1,"8":1,"9":1,"10":1,"11":14,"12":8,"13":8,"14":1,"15":7,"16":1,"17":6,"18":1,"19":5,"20":1,"21":4,"22":1,"23":3,"24":2,"25":1,"26":1,"27":1,"28":1,"29":14,"30":1,"31":1,"32":1,"33":1,"34":40,"35":1,"36":14,"37":2,"38":2,"39":2,"40":1,"41":1,"42":1,"43":1,"44":14,"45":2,"46":2,"47":2,"48":1,"49":1,"50":1,"51":14,"52":2,"53":2,"54":2,"55":1,"56":1,"57":1,"58":1,"59":4,"60":1,"61":14,"62":2,"63":2,"64":2,"65":1,"66":1,"67":1,"68":1,"69":1,"70":1},"f":{"0":2,"1":1,"2":8,"3":1,"4":2,"5":2,"6":2,"7":2},"b":{"0":[1,7],"1":[1,6],"2":[1,5],"3":[1,4],"4":[1,3],"5":[2,1],"6":[1,1],"7":[1,1],"8":[1,1],"9":[1,1]},"_coverageSchema":"1a1c01bbd47fc00a2c39e90264f33305004495a9","hash":"843ece2bfa3be5bbb061b78f6dff632da08bb308"}
,"D:\\Universidad\\Junio 2022\\AyD1\\proyecto1_g10\\BackEnd\\services\\RAutomovil.js": {"path":"D:\\Universidad\\Junio 2022\\AyD1\\proyecto1_g10\\BackEnd\\services\\RAutomovil.js","statementMap":{"0":{"start":{"line":1,"column":19},"end":{"line":1,"column":50}},"1":{"start":{"line":8,"column":4},"end":{"line":8,"column":27}},"2":{"start":{"line":11,"column":1},"end":{"line":11,"column":41}},"3":{"start":{"line":14,"column":0},"end":{"line":43,"column":2}},"4":{"start":{"line":21,"column":5},"end":{"line":21,"column":13}},"5":{"start":{"line":22,"column":1},"end":{"line":24,"column":2}},"6":{"start":{"line":23,"column":2},"end":{"line":23,"column":86}},"7":{"start":{"line":25,"column":1},"end":{"line":27,"column":2}},"8":{"start":{"line":26,"column":2},"end":{"line":26,"column":77}},"9":{"start":{"line":28,"column":1},"end":{"line":30,"column":2}},"10":{"start":{"line":29,"column":2},"end":{"line":29,"column":84}},"11":{"start":{"line":31,"column":1},"end":{"line":33,"column":2}},"12":{"start":{"line":32,"column":2},"end":{"line":32,"column":89}},"13":{"start":{"line":34,"column":1},"end":{"line":36,"column":2}},"14":{"start":{"line":35,"column":2},"end":{"line":35,"column":84}},"15":{"start":{"line":37,"column":21},"end":{"line":37,"column":42}},"16":{"start":{"line":38,"column":24},"end":{"line":38,"column":48}},"17":{"start":{"line":40,"column":16},"end":{"line":40,"column":108}},"18":{"start":{"line":42,"column":1},"end":{"line":42,"column":112}},"19":{"start":{"line":45,"column":0},"end":{"line":54,"column":2}},"20":{"start":{"line":46,"column":23},"end":{"line":46,"column":57}},"21":{"start":{"line":47,"column":14},"end":{"line":47,"column":16}},"22":{"start":{"line":49,"column":1},"end":{"line":51,"column":2}},"23":{"start":{"line":49,"column":18},"end":{"line":49,"column":19}},"24":{"start":{"line":50,"column":2},"end":{"line":50,"column":37}},"25":{"start":{"line":53,"column":1},"end":{"line":53,"column":39}},"26":{"start":{"line":56,"column":0},"end":{"line":72,"column":2}},"27":{"start":{"line":62,"column":5},"end":{"line":62,"column":13}},"28":{"start":{"line":63,"column":21},"end":{"line":63,"column":75}},"29":{"start":{"line":64,"column":1},"end":{"line":66,"column":2}},"30":{"start":{"line":65,"column":2},"end":{"line":65,"column":59}},"31":{"start":{"line":67,"column":21},"end":{"line":67,"column":42}},"32":{"start":{"line":68,"column":20},"end":{"line":68,"column":44}},"33":{"start":{"line":70,"column":16},"end":{"line":70,"column":100}},"34":{"start":{"line":71,"column":1},"end":{"line":71,"column":114}},"35":{"start":{"line":74,"column":0},"end":{"line":85,"column":2}},"36":{"start":{"line":77,"column":5},"end":{"line":77,"column":13}},"37":{"start":{"line":78,"column":21},"end":{"line":78,"column":71}},"38":{"start":{"line":79,"column":1},"end":{"line":81,"column":2}},"39":{"start":{"line":80,"column":2},"end":{"line":80,"column":59}},"40":{"start":{"line":83,"column":16},"end":{"line":83,"column":61}},"41":{"start":{"line":84,"column":1},"end":{"line":84,"column":118}}},"fnMap":{"0":{"name":"reverse","decl":{"start":{"line":10,"column":9},"end":{"line":10,"column":16}},"loc":{"start":{"line":10,"column":20},"end":{"line":12,"column":1}},"line":10},"1":{"name":"(anonymous_1)","decl":{"start":{"line":14,"column":32},"end":{"line":14,"column":33}},"loc":{"start":{"line":14,"column":52},"end":{"line":43,"column":1}},"line":14},"2":{"name":"(anonymous_2)","decl":{"start":{"line":45,"column":30},"end":{"line":45,"column":31}},"loc":{"start":{"line":45,"column":50},"end":{"line":54,"column":1}},"line":45},"3":{"name":"(anonymous_3)","decl":{"start":{"line":56,"column":32},"end":{"line":56,"column":33}},"loc":{"start":{"line":56,"column":52},"end":{"line":72,"column":1}},"line":56},"4":{"name":"(anonymous_4)","decl":{"start":{"line":74,"column":32},"end":{"line":74,"column":33}},"loc":{"start":{"line":74,"column":52},"end":{"line":85,"column":1}},"line":74}},"branchMap":{"0":{"loc":{"start":{"line":22,"column":1},"end":{"line":24,"column":2}},"type":"if","locations":[{"start":{"line":22,"column":1},"end":{"line":24,"column":2}},{"start":{},"end":{}}],"line":22},"1":{"loc":{"start":{"line":25,"column":1},"end":{"line":27,"column":2}},"type":"if","locations":[{"start":{"line":25,"column":1},"end":{"line":27,"column":2}},{"start":{},"end":{}}],"line":25},"2":{"loc":{"start":{"line":28,"column":1},"end":{"line":30,"column":2}},"type":"if","locations":[{"start":{"line":28,"column":1},"end":{"line":30,"column":2}},{"start":{},"end":{}}],"line":28},"3":{"loc":{"start":{"line":31,"column":1},"end":{"line":33,"column":2}},"type":"if","locations":[{"start":{"line":31,"column":1},"end":{"line":33,"column":2}},{"start":{},"end":{}}],"line":31},"4":{"loc":{"start":{"line":34,"column":1},"end":{"line":36,"column":2}},"type":"if","locations":[{"start":{"line":34,"column":1},"end":{"line":36,"column":2}},{"start":{},"end":{}}],"line":34},"5":{"loc":{"start":{"line":64,"column":1},"end":{"line":66,"column":2}},"type":"if","locations":[{"start":{"line":64,"column":1},"end":{"line":66,"column":2}},{"start":{},"end":{}}],"line":64},"6":{"loc":{"start":{"line":79,"column":1},"end":{"line":81,"column":2}},"type":"if","locations":[{"start":{"line":79,"column":1},"end":{"line":81,"column":2}},{"start":{},"end":{}}],"line":79}},"s":{"0":14,"1":14,"2":4,"3":14,"4":6,"5":6,"6":1,"7":5,"8":1,"9":4,"10":1,"11":3,"12":1,"13":2,"14":1,"15":1,"16":1,"17":1,"18":1,"19":14,"20":1,"21":1,"22":1,"23":1,"24":22,"25":1,"26":14,"27":2,"28":2,"29":2,"30":1,"31":1,"32":1,"33":1,"34":1,"35":14,"36":2,"37":2,"38":2,"39":1,"40":1,"41":1},"f":{"0":4,"1":6,"2":1,"3":2,"4":2},"b":{"0":[1,5],"1":[1,4],"2":[1,3],"3":[1,2],"4":[1,1],"5":[1,1],"6":[1,1]},"_coverageSchema":"1a1c01bbd47fc00a2c39e90264f33305004495a9","hash":"cf32d887c7eba80ab286399d83f5ef5ab7d73499"}
,"D:\\Universidad\\Junio 2022\\AyD1\\proyecto1_g10\\BackEnd\\services\\RHabitacion.js": {"path":"D:\\Universidad\\Junio 2022\\AyD1\\proyecto1_g10\\BackEnd\\services\\RHabitacion.js","statementMap":{"0":{"start":{"line":1,"column":19},"end":{"line":1,"column":50}},"1":{"start":{"line":8,"column":4},"end":{"line":8,"column":27}},"2":{"start":{"line":11,"column":1},"end":{"line":11,"column":41}},"3":{"start":{"line":14,"column":0},"end":{"line":43,"column":2}},"4":{"start":{"line":21,"column":5},"end":{"line":21,"column":13}},"5":{"start":{"line":22,"column":1},"end":{"line":24,"column":2}},"6":{"start":{"line":23,"column":2},"end":{"line":23,"column":94}},"7":{"start":{"line":25,"column":1},"end":{"line":27,"column":2}},"8":{"start":{"line":26,"column":2},"end":{"line":26,"column":80}},"9":{"start":{"line":28,"column":1},"end":{"line":30,"column":2}},"10":{"start":{"line":29,"column":2},"end":{"line":29,"column":80}},"11":{"start":{"line":31,"column":1},"end":{"line":33,"column":2}},"12":{"start":{"line":32,"column":2},"end":{"line":32,"column":89}},"13":{"start":{"line":34,"column":1},"end":{"line":36,"column":2}},"14":{"start":{"line":35,"column":2},"end":{"line":35,"column":85}},"15":{"start":{"line":37,"column":21},"end":{"line":37,"column":42}},"16":{"start":{"line":38,"column":20},"end":{"line":38,"column":40}},"17":{"start":{"line":40,"column":16},"end":{"line":40,"column":124}},"18":{"start":{"line":42,"column":1},"end":{"line":42,"column":113}},"19":{"start":{"line":45,"column":0},"end":{"line":54,"column":2}},"20":{"start":{"line":46,"column":23},"end":{"line":46,"column":63}},"21":{"start":{"line":47,"column":14},"end":{"line":47,"column":16}},"22":{"start":{"line":49,"column":1},"end":{"line":51,"column":2}},"23":{"start":{"line":49,"column":18},"end":{"line":49,"column":19}},"24":{"start":{"line":50,"column":2},"end":{"line":50,"column":37}},"25":{"start":{"line":53,"column":1},"end":{"line":53,"column":39}},"26":{"start":{"line":56,"column":0},"end":{"line":72,"column":2}},"27":{"start":{"line":62,"column":5},"end":{"line":62,"column":13}},"28":{"start":{"line":63,"column":21},"end":{"line":63,"column":81}},"29":{"start":{"line":64,"column":1},"end":{"line":66,"column":2}},"30":{"start":{"line":65,"column":2},"end":{"line":65,"column":59}},"31":{"start":{"line":67,"column":21},"end":{"line":67,"column":42}},"32":{"start":{"line":68,"column":20},"end":{"line":68,"column":40}},"33":{"start":{"line":70,"column":16},"end":{"line":70,"column":114}},"34":{"start":{"line":71,"column":1},"end":{"line":71,"column":115}},"35":{"start":{"line":74,"column":0},"end":{"line":85,"column":2}},"36":{"start":{"line":77,"column":5},"end":{"line":77,"column":13}},"37":{"start":{"line":78,"column":21},"end":{"line":78,"column":77}},"38":{"start":{"line":79,"column":1},"end":{"line":81,"column":2}},"39":{"start":{"line":80,"column":2},"end":{"line":80,"column":59}},"40":{"start":{"line":83,"column":16},"end":{"line":83,"column":67}},"41":{"start":{"line":84,"column":1},"end":{"line":84,"column":119}}},"fnMap":{"0":{"name":"reverse","decl":{"start":{"line":10,"column":9},"end":{"line":10,"column":16}},"loc":{"start":{"line":10,"column":20},"end":{"line":12,"column":1}},"line":10},"1":{"name":"(anonymous_1)","decl":{"start":{"line":14,"column":38},"end":{"line":14,"column":39}},"loc":{"start":{"line":14,"column":58},"end":{"line":43,"column":1}},"line":14},"2":{"name":"(anonymous_2)","decl":{"start":{"line":45,"column":36},"end":{"line":45,"column":37}},"loc":{"start":{"line":45,"column":56},"end":{"line":54,"column":1}},"line":45},"3":{"name":"(anonymous_3)","decl":{"start":{"line":56,"column":38},"end":{"line":56,"column":39}},"loc":{"start":{"line":56,"column":58},"end":{"line":72,"column":1}},"line":56},"4":{"name":"(anonymous_4)","decl":{"start":{"line":74,"column":38},"end":{"line":74,"column":39}},"loc":{"start":{"line":74,"column":58},"end":{"line":85,"column":1}},"line":74}},"branchMap":{"0":{"loc":{"start":{"line":22,"column":1},"end":{"line":24,"column":2}},"type":"if","locations":[{"start":{"line":22,"column":1},"end":{"line":24,"column":2}},{"start":{},"end":{}}],"line":22},"1":{"loc":{"start":{"line":25,"column":1},"end":{"line":27,"column":2}},"type":"if","locations":[{"start":{"line":25,"column":1},"end":{"line":27,"column":2}},{"start":{},"end":{}}],"line":25},"2":{"loc":{"start":{"line":28,"column":1},"end":{"line":30,"column":2}},"type":"if","locations":[{"start":{"line":28,"column":1},"end":{"line":30,"column":2}},{"start":{},"end":{}}],"line":28},"3":{"loc":{"start":{"line":31,"column":1},"end":{"line":33,"column":2}},"type":"if","locations":[{"start":{"line":31,"column":1},"end":{"line":33,"column":2}},{"start":{},"end":{}}],"line":31},"4":{"loc":{"start":{"line":34,"column":1},"end":{"line":36,"column":2}},"type":"if","locations":[{"start":{"line":34,"column":1},"end":{"line":36,"column":2}},{"start":{},"end":{}}],"line":34},"5":{"loc":{"start":{"line":64,"column":1},"end":{"line":66,"column":2}},"type":"if","locations":[{"start":{"line":64,"column":1},"end":{"line":66,"column":2}},{"start":{},"end":{}}],"line":64},"6":{"loc":{"start":{"line":79,"column":1},"end":{"line":81,"column":2}},"type":"if","locations":[{"start":{"line":79,"column":1},"end":{"line":81,"column":2}},{"start":{},"end":{}}],"line":79}},"s":{"0":14,"1":14,"2":4,"3":14,"4":6,"5":6,"6":1,"7":5,"8":1,"9":4,"10":1,"11":3,"12":1,"13":2,"14":1,"15":1,"16":1,"17":1,"18":1,"19":14,"20":1,"21":1,"22":1,"23":1,"24":22,"25":1,"26":14,"27":2,"28":2,"29":2,"30":1,"31":1,"32":1,"33":1,"34":1,"35":14,"36":2,"37":2,"38":2,"39":1,"40":1,"41":1},"f":{"0":4,"1":6,"2":1,"3":2,"4":2},"b":{"0":[1,5],"1":[1,4],"2":[1,3],"3":[1,2],"4":[1,1],"5":[1,1],"6":[1,1]},"_coverageSchema":"1a1c01bbd47fc00a2c39e90264f33305004495a9","hash":"8a18a0c2287801a3adbf6f202ac356d9c2f8e91b"}
,"D:\\Universidad\\Junio 2022\\AyD1\\proyecto1_g10\\BackEnd\\services\\RVuelo.js": {"path":"D:\\Universidad\\Junio 2022\\AyD1\\proyecto1_g10\\BackEnd\\services\\RVuelo.js","statementMap":{"0":{"start":{"line":1,"column":19},"end":{"line":1,"column":50}},"1":{"start":{"line":8,"column":4},"end":{"line":8,"column":27}},"2":{"start":{"line":11,"column":1},"end":{"line":11,"column":41}},"3":{"start":{"line":14,"column":0},"end":{"line":43,"column":2}},"4":{"start":{"line":21,"column":5},"end":{"line":21,"column":13}},"5":{"start":{"line":22,"column":1},"end":{"line":24,"column":2}},"6":{"start":{"line":23,"column":2},"end":{"line":23,"column":90}},"7":{"start":{"line":25,"column":1},"end":{"line":27,"column":2}},"8":{"start":{"line":26,"column":2},"end":{"line":26,"column":77}},"9":{"start":{"line":28,"column":1},"end":{"line":30,"column":2}},"10":{"start":{"line":29,"column":2},"end":{"line":29,"column":84}},"11":{"start":{"line":31,"column":1},"end":{"line":33,"column":2}},"12":{"start":{"line":32,"column":2},"end":{"line":32,"column":89}},"13":{"start":{"line":34,"column":1},"end":{"line":36,"column":2}},"14":{"start":{"line":35,"column":2},"end":{"line":35,"column":80}},"15":{"start":{"line":37,"column":21},"end":{"line":37,"column":42}},"16":{"start":{"line":38,"column":24},"end":{"line":38,"column":48}},"17":{"start":{"line":40,"column":16},"end":{"line":40,"column":114}},"18":{"start":{"line":42,"column":1},"end":{"line":42,"column":108}},"19":{"start":{"line":45,"column":0},"end":{"line":54,"column":2}},"20":{"start":{"line":46,"column":23},"end":{"line":46,"column":58}},"21":{"start":{"line":47,"column":14},"end":{"line":47,"column":16}},"22":{"start":{"line":49,"column":1},"end":{"line":51,"column":2}},"23":{"start":{"line":49,"column":18},"end":{"line":49,"column":19}},"24":{"start":{"line":50,"column":2},"end":{"line":50,"column":37}},"25":{"start":{"line":53,"column":1},"end":{"line":53,"column":39}},"26":{"start":{"line":56,"column":0},"end":{"line":72,"column":2}},"27":{"start":{"line":62,"column":5},"end":{"line":62,"column":13}},"28":{"start":{"line":63,"column":21},"end":{"line":63,"column":76}},"29":{"start":{"line":64,"column":1},"end":{"line":66,"column":2}},"30":{"start":{"line":65,"column":2},"end":{"line":65,"column":59}},"31":{"start":{"line":67,"column":21},"end":{"line":67,"column":42}},"32":{"start":{"line":68,"column":20},"end":{"line":68,"column":44}},"33":{"start":{"line":70,"column":16},"end":{"line":70,"column":105}},"34":{"start":{"line":71,"column":1},"end":{"line":71,"column":110}},"35":{"start":{"line":74,"column":0},"end":{"line":85,"column":2}},"36":{"start":{"line":77,"column":5},"end":{"line":77,"column":13}},"37":{"start":{"line":78,"column":21},"end":{"line":78,"column":72}},"38":{"start":{"line":79,"column":1},"end":{"line":81,"column":2}},"39":{"start":{"line":80,"column":2},"end":{"line":80,"column":59}},"40":{"start":{"line":83,"column":16},"end":{"line":83,"column":62}},"41":{"start":{"line":84,"column":1},"end":{"line":84,"column":114}}},"fnMap":{"0":{"name":"reverse","decl":{"start":{"line":10,"column":9},"end":{"line":10,"column":16}},"loc":{"start":{"line":10,"column":20},"end":{"line":12,"column":1}},"line":10},"1":{"name":"(anonymous_1)","decl":{"start":{"line":14,"column":33},"end":{"line":14,"column":34}},"loc":{"start":{"line":14,"column":53},"end":{"line":43,"column":1}},"line":14},"2":{"name":"(anonymous_2)","decl":{"start":{"line":45,"column":31},"end":{"line":45,"column":32}},"loc":{"start":{"line":45,"column":51},"end":{"line":54,"column":1}},"line":45},"3":{"name":"(anonymous_3)","decl":{"start":{"line":56,"column":33},"end":{"line":56,"column":34}},"loc":{"start":{"line":56,"column":53},"end":{"line":72,"column":1}},"line":56},"4":{"name":"(anonymous_4)","decl":{"start":{"line":74,"column":33},"end":{"line":74,"column":34}},"loc":{"start":{"line":74,"column":53},"end":{"line":85,"column":1}},"line":74}},"branchMap":{"0":{"loc":{"start":{"line":22,"column":1},"end":{"line":24,"column":2}},"type":"if","locations":[{"start":{"line":22,"column":1},"end":{"line":24,"column":2}},{"start":{},"end":{}}],"line":22},"1":{"loc":{"start":{"line":25,"column":1},"end":{"line":27,"column":2}},"type":"if","locations":[{"start":{"line":25,"column":1},"end":{"line":27,"column":2}},{"start":{},"end":{}}],"line":25},"2":{"loc":{"start":{"line":28,"column":1},"end":{"line":30,"column":2}},"type":"if","locations":[{"start":{"line":28,"column":1},"end":{"line":30,"column":2}},{"start":{},"end":{}}],"line":28},"3":{"loc":{"start":{"line":31,"column":1},"end":{"line":33,"column":2}},"type":"if","locations":[{"start":{"line":31,"column":1},"end":{"line":33,"column":2}},{"start":{},"end":{}}],"line":31},"4":{"loc":{"start":{"line":34,"column":1},"end":{"line":36,"column":2}},"type":"if","locations":[{"start":{"line":34,"column":1},"end":{"line":36,"column":2}},{"start":{},"end":{}}],"line":34},"5":{"loc":{"start":{"line":64,"column":1},"end":{"line":66,"column":2}},"type":"if","locations":[{"start":{"line":64,"column":1},"end":{"line":66,"column":2}},{"start":{},"end":{}}],"line":64},"6":{"loc":{"start":{"line":79,"column":1},"end":{"line":81,"column":2}},"type":"if","locations":[{"start":{"line":79,"column":1},"end":{"line":81,"column":2}},{"start":{},"end":{}}],"line":79}},"s":{"0":14,"1":14,"2":4,"3":14,"4":6,"5":6,"6":1,"7":5,"8":1,"9":4,"10":1,"11":3,"12":1,"13":2,"14":1,"15":1,"16":1,"17":1,"18":1,"19":14,"20":1,"21":1,"22":1,"23":1,"24":22,"25":1,"26":14,"27":2,"28":2,"29":2,"30":1,"31":1,"32":1,"33":1,"34":1,"35":14,"36":2,"37":2,"38":2,"39":1,"40":1,"41":1},"f":{"0":4,"1":6,"2":1,"3":2,"4":2},"b":{"0":[1,5],"1":[1,4],"2":[1,3],"3":[1,2],"4":[1,1],"5":[1,1],"6":[1,1]},"_coverageSchema":"1a1c01bbd47fc00a2c39e90264f33305004495a9","hash":"bc1dc2172a4b5687ffc9ba99a8716c9681fe52de"}
,"D:\\Universidad\\Junio 2022\\AyD1\\proyecto1_g10\\BackEnd\\services\\RepositorioBD.js": {"path":"D:\\Universidad\\Junio 2022\\AyD1\\proyecto1_g10\\BackEnd\\services\\RepositorioBD.js","statementMap":{"0":{"start":{"line":2,"column":13},"end":{"line":3,"column":76}},"1":{"start":{"line":6,"column":1},"end":{"line":10,"column":4}},"2":{"start":{"line":7,"column":2},"end":{"line":9,"column":23}},"3":{"start":{"line":8,"column":3},"end":{"line":8,"column":76}},"4":{"start":{"line":9,"column":9},"end":{"line":9,"column":23}},"5":{"start":{"line":14,"column":0},"end":{"line":14,"column":35}}},"fnMap":{"0":{"name":"registroServicios","decl":{"start":{"line":1,"column":9},"end":{"line":1,"column":26}},"loc":{"start":{"line":1,"column":81},"end":{"line":11,"column":1}},"line":1},"1":{"name":"(anonymous_1)","decl":{"start":{"line":6,"column":23},"end":{"line":6,"column":24}},"loc":{"start":{"line":6,"column":40},"end":{"line":10,"column":2}},"line":6}},"branchMap":{"0":{"loc":{"start":{"line":7,"column":2},"end":{"line":9,"column":23}},"type":"if","locations":[{"start":{"line":7,"column":2},"end":{"line":9,"column":23}},{"start":{"line":9,"column":9},"end":{"line":9,"column":23}}],"line":7}},"s":{"0":1,"1":1,"2":0,"3":0,"4":0,"5":14},"f":{"0":1,"1":0},"b":{"0":[0,0]},"_coverageSchema":"1a1c01bbd47fc00a2c39e90264f33305004495a9","hash":"cd8902a956a93f5bca28fab2c760c079b0be647d"}
,"D:\\Universidad\\Junio 2022\\AyD1\\proyecto1_g10\\BackEnd\\services\\Resenia.js": {"path":"D:\\Universidad\\Junio 2022\\AyD1\\proyecto1_g10\\BackEnd\\services\\Resenia.js","statementMap":{"0":{"start":{"line":1,"column":19},"end":{"line":1,"column":50}},"1":{"start":{"line":9,"column":4},"end":{"line":9,"column":27}},"2":{"start":{"line":11,"column":0},"end":{"line":30,"column":2}},"3":{"start":{"line":16,"column":5},"end":{"line":16,"column":13}},"4":{"start":{"line":17,"column":1},"end":{"line":19,"column":2}},"5":{"start":{"line":18,"column":2},"end":{"line":18,"column":84}},"6":{"start":{"line":20,"column":1},"end":{"line":22,"column":2}},"7":{"start":{"line":21,"column":2},"end":{"line":21,"column":83}},"8":{"start":{"line":23,"column":1},"end":{"line":25,"column":2}},"9":{"start":{"line":24,"column":2},"end":{"line":24,"column":85}},"10":{"start":{"line":27,"column":16},"end":{"line":27,"column":78}},"11":{"start":{"line":29,"column":1},"end":{"line":29,"column":97}},"12":{"start":{"line":32,"column":0},"end":{"line":41,"column":2}},"13":{"start":{"line":33,"column":18},"end":{"line":33,"column":44}},"14":{"start":{"line":34,"column":14},"end":{"line":34,"column":16}},"15":{"start":{"line":36,"column":1},"end":{"line":38,"column":2}},"16":{"start":{"line":36,"column":18},"end":{"line":36,"column":19}},"17":{"start":{"line":37,"column":2},"end":{"line":37,"column":32}},"18":{"start":{"line":40,"column":1},"end":{"line":40,"column":39}},"19":{"start":{"line":43,"column":0},"end":{"line":56,"column":2}},"20":{"start":{"line":47,"column":5},"end":{"line":47,"column":13}},"21":{"start":{"line":48,"column":17},"end":{"line":48,"column":59}},"22":{"start":{"line":49,"column":1},"end":{"line":51,"column":2}},"23":{"start":{"line":50,"column":2},"end":{"line":50,"column":55}},"24":{"start":{"line":53,"column":16},"end":{"line":53,"column":66}},"25":{"start":{"line":55,"column":1},"end":{"line":55,"column":96}},"26":{"start":{"line":58,"column":0},"end":{"line":70,"column":2}},"27":{"start":{"line":61,"column":5},"end":{"line":61,"column":13}},"28":{"start":{"line":62,"column":17},"end":{"line":62,"column":59}},"29":{"start":{"line":63,"column":1},"end":{"line":65,"column":2}},"30":{"start":{"line":64,"column":2},"end":{"line":64,"column":55}},"31":{"start":{"line":67,"column":16},"end":{"line":67,"column":53}},"32":{"start":{"line":69,"column":1},"end":{"line":69,"column":100}},"33":{"start":{"line":72,"column":0},"end":{"line":87,"column":2}},"34":{"start":{"line":75,"column":5},"end":{"line":75,"column":13}},"35":{"start":{"line":76,"column":17},"end":{"line":76,"column":68}},"36":{"start":{"line":77,"column":1},"end":{"line":79,"column":2}},"37":{"start":{"line":78,"column":2},"end":{"line":78,"column":75}},"38":{"start":{"line":80,"column":14},"end":{"line":80,"column":16}},"39":{"start":{"line":82,"column":1},"end":{"line":84,"column":2}},"40":{"start":{"line":82,"column":18},"end":{"line":82,"column":19}},"41":{"start":{"line":83,"column":2},"end":{"line":83,"column":31}},"42":{"start":{"line":86,"column":1},"end":{"line":86,"column":39}}},"fnMap":{"0":{"name":"(anonymous_0)","decl":{"start":{"line":11,"column":24},"end":{"line":11,"column":25}},"loc":{"start":{"line":11,"column":44},"end":{"line":30,"column":1}},"line":11},"1":{"name":"(anonymous_1)","decl":{"start":{"line":32,"column":22},"end":{"line":32,"column":23}},"loc":{"start":{"line":32,"column":42},"end":{"line":41,"column":1}},"line":32},"2":{"name":"(anonymous_2)","decl":{"start":{"line":43,"column":24},"end":{"line":43,"column":25}},"loc":{"start":{"line":43,"column":44},"end":{"line":56,"column":1}},"line":43},"3":{"name":"(anonymous_3)","decl":{"start":{"line":58,"column":24},"end":{"line":58,"column":25}},"loc":{"start":{"line":58,"column":44},"end":{"line":70,"column":1}},"line":58},"4":{"name":"(anonymous_4)","decl":{"start":{"line":72,"column":30},"end":{"line":72,"column":31}},"loc":{"start":{"line":72,"column":50},"end":{"line":87,"column":1}},"line":72}},"branchMap":{"0":{"loc":{"start":{"line":17,"column":1},"end":{"line":19,"column":2}},"type":"if","locations":[{"start":{"line":17,"column":1},"end":{"line":19,"column":2}},{"start":{},"end":{}}],"line":17},"1":{"loc":{"start":{"line":20,"column":1},"end":{"line":22,"column":2}},"type":"if","locations":[{"start":{"line":20,"column":1},"end":{"line":22,"column":2}},{"start":{},"end":{}}],"line":20},"2":{"loc":{"start":{"line":23,"column":1},"end":{"line":25,"column":2}},"type":"if","locations":[{"start":{"line":23,"column":1},"end":{"line":25,"column":2}},{"start":{},"end":{}}],"line":23},"3":{"loc":{"start":{"line":49,"column":1},"end":{"line":51,"column":2}},"type":"if","locations":[{"start":{"line":49,"column":1},"end":{"line":51,"column":2}},{"start":{},"end":{}}],"line":49},"4":{"loc":{"start":{"line":63,"column":1},"end":{"line":65,"column":2}},"type":"if","locations":[{"start":{"line":63,"column":1},"end":{"line":65,"column":2}},{"start":{},"end":{}}],"line":63},"5":{"loc":{"start":{"line":77,"column":1},"end":{"line":79,"column":2}},"type":"if","locations":[{"start":{"line":77,"column":1},"end":{"line":79,"column":2}},{"start":{},"end":{}}],"line":77}},"s":{"0":14,"1":14,"2":14,"3":4,"4":4,"5":1,"6":3,"7":1,"8":2,"9":1,"10":1,"11":1,"12":14,"13":1,"14":1,"15":1,"16":1,"17":38,"18":1,"19":14,"20":2,"21":2,"22":2,"23":1,"24":1,"25":1,"26":14,"27":2,"28":2,"29":2,"30":1,"31":1,"32":1,"33":14,"34":2,"35":2,"36":2,"37":1,"38":1,"39":1,"40":1,"41":7,"42":1},"f":{"0":4,"1":1,"2":2,"3":2,"4":2},"b":{"0":[1,3],"1":[1,2],"2":[1,1],"3":[1,1],"4":[1,1],"5":[1,1]},"_coverageSchema":"1a1c01bbd47fc00a2c39e90264f33305004495a9","hash":"ee7fc8e3b5691be0b66d4f4a07c49d10ca4cc4ce"}
,"D:\\Universidad\\Junio 2022\\AyD1\\proyecto1_g10\\BackEnd\\services\\Servicios.js": {"path":"D:\\Universidad\\Junio 2022\\AyD1\\proyecto1_g10\\BackEnd\\services\\Servicios.js","statementMap":{"0":{"start":{"line":1,"column":19},"end":{"line":1,"column":50}},"1":{"start":{"line":4,"column":4},"end":{"line":4,"column":27}},"2":{"start":{"line":6,"column":0},"end":{"line":20,"column":2}},"3":{"start":{"line":9,"column":5},"end":{"line":9,"column":13}},"4":{"start":{"line":10,"column":18},"end":{"line":10,"column":63}},"5":{"start":{"line":11,"column":1},"end":{"line":13,"column":2}},"6":{"start":{"line":12,"column":2},"end":{"line":12,"column":62}},"7":{"start":{"line":14,"column":14},"end":{"line":14,"column":16}},"8":{"start":{"line":16,"column":1},"end":{"line":18,"column":2}},"9":{"start":{"line":16,"column":18},"end":{"line":16,"column":19}},"10":{"start":{"line":17,"column":2},"end":{"line":17,"column":32}},"11":{"start":{"line":19,"column":1},"end":{"line":19,"column":39}}},"fnMap":{"0":{"name":"(anonymous_0)","decl":{"start":{"line":6,"column":29},"end":{"line":6,"column":30}},"loc":{"start":{"line":6,"column":49},"end":{"line":20,"column":1}},"line":6}},"branchMap":{"0":{"loc":{"start":{"line":11,"column":1},"end":{"line":13,"column":2}},"type":"if","locations":[{"start":{"line":11,"column":1},"end":{"line":13,"column":2}},{"start":{},"end":{}}],"line":11}},"s":{"0":14,"1":14,"2":14,"3":2,"4":2,"5":2,"6":1,"7":1,"8":1,"9":1,"10":1,"11":1},"f":{"0":2},"b":{"0":[1,1]},"_coverageSchema":"1a1c01bbd47fc00a2c39e90264f33305004495a9","hash":"7fb422efe87b3e995847b2532d2deaf2de399658"}
,"D:\\Universidad\\Junio 2022\\AyD1\\proyecto1_g10\\BackEnd\\services\\Vuelo.js": {"path":"D:\\Universidad\\Junio 2022\\AyD1\\proyecto1_g10\\BackEnd\\services\\Vuelo.js","statementMap":{"0":{"start":{"line":2,"column":11},"end":{"line":2,"column":41}},"1":{"start":{"line":3,"column":19},"end":{"line":3,"column":50}},"2":{"start":{"line":12,"column":4},"end":{"line":12,"column":27}},"3":{"start":{"line":15,"column":1},"end":{"line":15,"column":41}},"4":{"start":{"line":19,"column":14},"end":{"line":19,"column":24}},"5":{"start":{"line":20,"column":16},"end":{"line":20,"column":135}},"6":{"start":{"line":21,"column":19},"end":{"line":21,"column":30}},"7":{"start":{"line":22,"column":17},"end":{"line":22,"column":49}},"8":{"start":{"line":23,"column":24},"end":{"line":23,"column":80}},"9":{"start":{"line":24,"column":1},"end":{"line":24,"column":30}},"10":{"start":{"line":25,"column":1},"end":{"line":25,"column":23}},"11":{"start":{"line":28,"column":0},"end":{"line":61,"column":2}},"12":{"start":{"line":36,"column":5},"end":{"line":36,"column":13}},"13":{"start":{"line":37,"column":1},"end":{"line":39,"column":2}},"14":{"start":{"line":38,"column":2},"end":{"line":38,"column":77}},"15":{"start":{"line":40,"column":1},"end":{"line":42,"column":2}},"16":{"start":{"line":41,"column":2},"end":{"line":41,"column":78}},"17":{"start":{"line":43,"column":1},"end":{"line":45,"column":2}},"18":{"start":{"line":44,"column":2},"end":{"line":44,"column":74}},"19":{"start":{"line":46,"column":1},"end":{"line":48,"column":2}},"20":{"start":{"line":47,"column":2},"end":{"line":47,"column":80}},"21":{"start":{"line":49,"column":1},"end":{"line":51,"column":2}},"22":{"start":{"line":50,"column":2},"end":{"line":50,"column":75}},"23":{"start":{"line":52,"column":1},"end":{"line":54,"column":2}},"24":{"start":{"line":53,"column":2},"end":{"line":53,"column":77}},"25":{"start":{"line":55,"column":18},"end":{"line":55,"column":34}},"26":{"start":{"line":56,"column":14},"end":{"line":56,"column":33}},"27":{"start":{"line":58,"column":16},"end":{"line":58,"column":107}},"28":{"start":{"line":60,"column":1},"end":{"line":60,"column":96}},"29":{"start":{"line":63,"column":0},"end":{"line":72,"column":2}},"30":{"start":{"line":64,"column":16},"end":{"line":64,"column":40}},"31":{"start":{"line":65,"column":14},"end":{"line":65,"column":16}},"32":{"start":{"line":67,"column":1},"end":{"line":69,"column":2}},"33":{"start":{"line":67,"column":18},"end":{"line":67,"column":19}},"34":{"start":{"line":68,"column":2},"end":{"line":68,"column":30}},"35":{"start":{"line":71,"column":1},"end":{"line":71,"column":39}},"36":{"start":{"line":74,"column":0},"end":{"line":94,"column":2}},"37":{"start":{"line":83,"column":5},"end":{"line":83,"column":13}},"38":{"start":{"line":84,"column":15},"end":{"line":84,"column":53}},"39":{"start":{"line":85,"column":1},"end":{"line":87,"column":2}},"40":{"start":{"line":86,"column":2},"end":{"line":86,"column":53}},"41":{"start":{"line":89,"column":14},"end":{"line":89,"column":33}},"42":{"start":{"line":91,"column":16},"end":{"line":91,"column":110}},"43":{"start":{"line":93,"column":1},"end":{"line":93,"column":102}},"44":{"start":{"line":96,"column":0},"end":{"line":108,"column":2}},"45":{"start":{"line":99,"column":5},"end":{"line":99,"column":13}},"46":{"start":{"line":100,"column":15},"end":{"line":100,"column":53}},"47":{"start":{"line":101,"column":1},"end":{"line":103,"column":2}},"48":{"start":{"line":102,"column":2},"end":{"line":102,"column":53}},"49":{"start":{"line":105,"column":16},"end":{"line":105,"column":49}},"50":{"start":{"line":107,"column":1},"end":{"line":107,"column":100}},"51":{"start":{"line":110,"column":0},"end":{"line":124,"column":2}},"52":{"start":{"line":113,"column":5},"end":{"line":113,"column":13}},"53":{"start":{"line":114,"column":16},"end":{"line":114,"column":62}},"54":{"start":{"line":115,"column":1},"end":{"line":117,"column":2}},"55":{"start":{"line":116,"column":2},"end":{"line":116,"column":91}},"56":{"start":{"line":118,"column":14},"end":{"line":118,"column":16}},"57":{"start":{"line":120,"column":1},"end":{"line":122,"column":2}},"58":{"start":{"line":120,"column":18},"end":{"line":120,"column":19}},"59":{"start":{"line":121,"column":2},"end":{"line":121,"column":30}},"60":{"start":{"line":123,"column":1},"end":{"line":123,"column":39}},"61":{"start":{"line":126,"column":0},"end":{"line":140,"column":2}},"62":{"start":{"line":129,"column":5},"end":{"line":129,"column":15}},"63":{"start":{"line":130,"column":15},"end":{"line":130,"column":51}},"64":{"start":{"line":131,"column":1},"end":{"line":133,"column":2}},"65":{"start":{"line":132,"column":2},"end":{"line":132,"column":58}},"66":{"start":{"line":134,"column":14},"end":{"line":134,"column":16}},"67":{"start":{"line":136,"column":1},"end":{"line":138,"column":2}},"68":{"start":{"line":136,"column":18},"end":{"line":136,"column":19}},"69":{"start":{"line":137,"column":2},"end":{"line":137,"column":29}},"70":{"start":{"line":139,"column":1},"end":{"line":139,"column":35}}},"fnMap":{"0":{"name":"reverse","decl":{"start":{"line":14,"column":9},"end":{"line":14,"column":16}},"loc":{"start":{"line":14,"column":20},"end":{"line":16,"column":1}},"line":14},"1":{"name":"bucketS3","decl":{"start":{"line":18,"column":9},"end":{"line":18,"column":17}},"loc":{"start":{"line":18,"column":24},"end":{"line":26,"column":1}},"line":18},"2":{"name":"(anonymous_2)","decl":{"start":{"line":28,"column":22},"end":{"line":28,"column":23}},"loc":{"start":{"line":28,"column":42},"end":{"line":61,"column":1}},"line":28},"3":{"name":"(anonymous_3)","decl":{"start":{"line":63,"column":20},"end":{"line":63,"column":21}},"loc":{"start":{"line":63,"column":40},"end":{"line":72,"column":1}},"line":63},"4":{"name":"(anonymous_4)","decl":{"start":{"line":74,"column":22},"end":{"line":74,"column":23}},"loc":{"start":{"line":74,"column":42},"end":{"line":94,"column":1}},"line":74},"5":{"name":"(anonymous_5)","decl":{"start":{"line":96,"column":22},"end":{"line":96,"column":23}},"loc":{"start":{"line":96,"column":42},"end":{"line":108,"column":1}},"line":96},"6":{"name":"(anonymous_6)","decl":{"start":{"line":110,"column":30},"end":{"line":110,"column":31}},"loc":{"start":{"line":110,"column":50},"end":{"line":124,"column":1}},"line":110},"7":{"name":"(anonymous_7)","decl":{"start":{"line":126,"column":34},"end":{"line":126,"column":35}},"loc":{"start":{"line":126,"column":54},"end":{"line":140,"column":1}},"line":126}},"branchMap":{"0":{"loc":{"start":{"line":37,"column":1},"end":{"line":39,"column":2}},"type":"if","locations":[{"start":{"line":37,"column":1},"end":{"line":39,"column":2}},{"start":{},"end":{}}],"line":37},"1":{"loc":{"start":{"line":40,"column":1},"end":{"line":42,"column":2}},"type":"if","locations":[{"start":{"line":40,"column":1},"end":{"line":42,"column":2}},{"start":{},"end":{}}],"line":40},"2":{"loc":{"start":{"line":43,"column":1},"end":{"line":45,"column":2}},"type":"if","locations":[{"start":{"line":43,"column":1},"end":{"line":45,"column":2}},{"start":{},"end":{}}],"line":43},"3":{"loc":{"start":{"line":46,"column":1},"end":{"line":48,"column":2}},"type":"if","locations":[{"start":{"line":46,"column":1},"end":{"line":48,"column":2}},{"start":{},"end":{}}],"line":46},"4":{"loc":{"start":{"line":49,"column":1},"end":{"line":51,"column":2}},"type":"if","locations":[{"start":{"line":49,"column":1},"end":{"line":51,"column":2}},{"start":{},"end":{}}],"line":49},"5":{"loc":{"start":{"line":52,"column":1},"end":{"line":54,"column":2}},"type":"if","locations":[{"start":{"line":52,"column":1},"end":{"line":54,"column":2}},{"start":{},"end":{}}],"line":52},"6":{"loc":{"start":{"line":85,"column":1},"end":{"line":87,"column":2}},"type":"if","locations":[{"start":{"line":85,"column":1},"end":{"line":87,"column":2}},{"start":{},"end":{}}],"line":85},"7":{"loc":{"start":{"line":101,"column":1},"end":{"line":103,"column":2}},"type":"if","locations":[{"start":{"line":101,"column":1},"end":{"line":103,"column":2}},{"start":{},"end":{}}],"line":101},"8":{"loc":{"start":{"line":115,"column":1},"end":{"line":117,"column":2}},"type":"if","locations":[{"start":{"line":115,"column":1},"end":{"line":117,"column":2}},{"start":{},"end":{}}],"line":115},"9":{"loc":{"start":{"line":131,"column":1},"end":{"line":133,"column":2}},"type":"if","locations":[{"start":{"line":131,"column":1},"end":{"line":133,"column":2}},{"start":{},"end":{}}],"line":131}},"s":{"0":14,"1":14,"2":14,"3":2,"4":1,"5":1,"6":1,"7":1,"8":1,"9":1,"10":1,"11":14,"12":7,"13":7,"14":1,"15":6,"16":1,"17":5,"18":1,"19":4,"20":1,"21":3,"22":1,"23":2,"24":1,"25":1,"26":1,"27":1,"28":1,"29":14,"30":1,"31":1,"32":1,"33":1,"34":47,"35":1,"36":14,"37":2,"38":2,"39":2,"40":1,"41":1,"42":1,"43":1,"44":14,"45":2,"46":2,"47":2,"48":1,"49":1,"50":1,"51":14,"52":2,"53":2,"54":2,"55":1,"56":1,"57":1,"58":1,"59":40,"60":1,"61":14,"62":2,"63":2,"64":2,"65":1,"66":1,"67":1,"68":1,"69":1,"70":1},"f":{"0":2,"1":1,"2":7,"3":1,"4":2,"5":2,"6":2,"7":2},"b":{"0":[1,6],"1":[1,5],"2":[1,4],"3":[1,3],"4":[1,2],"5":[1,1],"6":[1,1],"7":[1,1],"8":[1,1],"9":[1,1]},"_coverageSchema":"1a1c01bbd47fc00a2c39e90264f33305004495a9","hash":"d47eb096d28e2fbd4c1881d06e10eb956010a122"}
,"D:\\Universidad\\Junio 2022\\AyD1\\proyecto1_g10\\BackEnd\\services\\auth.js": {"path":"D:\\Universidad\\Junio 2022\\AyD1\\proyecto1_g10\\BackEnd\\services\\auth.js","statementMap":{"0":{"start":{"line":2,"column":19},"end":{"line":2,"column":39}},"1":{"start":{"line":3,"column":19},"end":{"line":3,"column":50}},"2":{"start":{"line":4,"column":23},"end":{"line":4,"column":46}},"3":{"start":{"line":5,"column":20},"end":{"line":5,"column":54}},"4":{"start":{"line":6,"column":22},"end":{"line":6,"column":51}},"5":{"start":{"line":19,"column":0},"end":{"line":49,"column":2}},"6":{"start":{"line":22,"column":5},"end":{"line":22,"column":13}},"7":{"start":{"line":23,"column":14},"end":{"line":23,"column":49}},"8":{"start":{"line":24,"column":1},"end":{"line":26,"column":2}},"9":{"start":{"line":25,"column":2},"end":{"line":25,"column":52}},"10":{"start":{"line":27,"column":1},"end":{"line":29,"column":2}},"11":{"start":{"line":28,"column":2},"end":{"line":28,"column":55}},"12":{"start":{"line":30,"column":24},"end":{"line":30,"column":36}},"13":{"start":{"line":31,"column":15},"end":{"line":31,"column":54}},"14":{"start":{"line":32,"column":1},"end":{"line":34,"column":2}},"15":{"start":{"line":33,"column":2},"end":{"line":33,"column":62}},"16":{"start":{"line":36,"column":14},"end":{"line":46,"column":2}},"17":{"start":{"line":48,"column":1},"end":{"line":48,"column":39}}},"fnMap":{"0":{"name":"(anonymous_0)","decl":{"start":{"line":19,"column":20},"end":{"line":19,"column":21}},"loc":{"start":{"line":19,"column":40},"end":{"line":49,"column":1}},"line":19}},"branchMap":{"0":{"loc":{"start":{"line":24,"column":1},"end":{"line":26,"column":2}},"type":"if","locations":[{"start":{"line":24,"column":1},"end":{"line":26,"column":2}},{"start":{},"end":{}}],"line":24},"1":{"loc":{"start":{"line":27,"column":1},"end":{"line":29,"column":2}},"type":"if","locations":[{"start":{"line":27,"column":1},"end":{"line":29,"column":2}},{"start":{},"end":{}}],"line":27},"2":{"loc":{"start":{"line":32,"column":1},"end":{"line":34,"column":2}},"type":"if","locations":[{"start":{"line":32,"column":1},"end":{"line":34,"column":2}},{"start":{},"end":{}}],"line":32}},"s":{"0":14,"1":14,"2":14,"3":14,"4":14,"5":14,"6":4,"7":4,"8":4,"9":1,"10":3,"11":1,"12":2,"13":2,"14":2,"15":1,"16":1,"17":1},"f":{"0":4},"b":{"0":[1,3],"1":[1,2],"2":[1,1]},"_coverageSchema":"1a1c01bbd47fc00a2c39e90264f33305004495a9","hash":"5b1a5c99921863c24a6662a0b8594c95b571af79"}
,"D:\\Universidad\\Junio 2022\\AyD1\\proyecto1_g10\\BackEnd\\services\\funtionsDb.js": {"path":"D:\\Universidad\\Junio 2022\\AyD1\\proyecto1_g10\\BackEnd\\services\\funtionsDb.js","statementMap":{"0":{"start":{"line":2,"column":14},"end":{"line":2,"column":44}},"1":{"start":{"line":4,"column":20},"end":{"line":10,"column":1}},"2":{"start":{"line":5,"column":13},"end":{"line":6,"column":67}},"3":{"start":{"line":8,"column":14},"end":{"line":8,"column":30}},"4":{"start":{"line":9,"column":1},"end":{"line":9,"column":13}},"5":{"start":{"line":12,"column":19},"end":{"line":21,"column":2}},"6":{"start":{"line":12,"column":48},"end":{"line":21,"column":2}},"7":{"start":{"line":13,"column":13},"end":{"line":16,"column":59}},"8":{"start":{"line":17,"column":1},"end":{"line":20,"column":4}},"9":{"start":{"line":18,"column":2},"end":{"line":18,"column":34}},"10":{"start":{"line":18,"column":13},"end":{"line":18,"column":34}},"11":{"start":{"line":19,"column":2},"end":{"line":19,"column":26}},"12":{"start":{"line":23,"column":25},"end":{"line":29,"column":2}},"13":{"start":{"line":23,"column":55},"end":{"line":29,"column":2}},"14":{"start":{"line":24,"column":13},"end":{"line":24,"column":65}},"15":{"start":{"line":25,"column":1},"end":{"line":28,"column":4}},"16":{"start":{"line":26,"column":2},"end":{"line":26,"column":34}},"17":{"start":{"line":26,"column":13},"end":{"line":26,"column":34}},"18":{"start":{"line":27,"column":2},"end":{"line":27,"column":26}},"19":{"start":{"line":31,"column":20},"end":{"line":40,"column":2}},"20":{"start":{"line":31,"column":76},"end":{"line":40,"column":2}},"21":{"start":{"line":32,"column":15},"end":{"line":32,"column":31}},"22":{"start":{"line":33,"column":13},"end":{"line":33,"column":157}},"23":{"start":{"line":35,"column":1},"end":{"line":39,"column":4}},"24":{"start":{"line":36,"column":2},"end":{"line":36,"column":34}},"25":{"start":{"line":36,"column":13},"end":{"line":36,"column":34}},"26":{"start":{"line":37,"column":15},"end":{"line":37,"column":26}},"27":{"start":{"line":38,"column":2},"end":{"line":38,"column":34}},"28":{"start":{"line":42,"column":20},"end":{"line":50,"column":2}},"29":{"start":{"line":42,"column":42},"end":{"line":50,"column":2}},"30":{"start":{"line":43,"column":13},"end":{"line":43,"column":38}},"31":{"start":{"line":45,"column":1},"end":{"line":49,"column":4}},"32":{"start":{"line":46,"column":2},"end":{"line":46,"column":34}},"33":{"start":{"line":46,"column":13},"end":{"line":46,"column":34}},"34":{"start":{"line":47,"column":15},"end":{"line":47,"column":26}},"35":{"start":{"line":48,"column":2},"end":{"line":48,"column":31}},"36":{"start":{"line":52,"column":26},"end":{"line":60,"column":2}},"37":{"start":{"line":52,"column":56},"end":{"line":60,"column":2}},"38":{"start":{"line":53,"column":13},"end":{"line":53,"column":64}},"39":{"start":{"line":55,"column":1},"end":{"line":59,"column":4}},"40":{"start":{"line":56,"column":2},"end":{"line":56,"column":34}},"41":{"start":{"line":56,"column":13},"end":{"line":56,"column":34}},"42":{"start":{"line":57,"column":15},"end":{"line":57,"column":26}},"43":{"start":{"line":58,"column":2},"end":{"line":58,"column":31}},"44":{"start":{"line":62,"column":25},"end":{"line":66,"column":1}},"45":{"start":{"line":63,"column":13},"end":{"line":63,"column":62}},"46":{"start":{"line":64,"column":14},"end":{"line":64,"column":30}},"47":{"start":{"line":65,"column":1},"end":{"line":65,"column":13}},"48":{"start":{"line":68,"column":25},"end":{"line":72,"column":1}},"49":{"start":{"line":69,
[...]
umn":34}},"type":"if","locations":[{"start":{"line":282,"column":2},"end":{"line":282,"column":34}},{"start":{},"end":{}}],"line":282},"18":{"loc":{"start":{"line":292,"column":2},"end":{"line":292,"column":34}},"type":"if","locations":[{"start":{"line":292,"column":2},"end":{"line":292,"column":34}},{"start":{},"end":{}}],"line":292},"19":{"loc":{"start":{"line":302,"column":2},"end":{"line":302,"column":34}},"type":"if","locations":[{"start":{"line":302,"column":2},"end":{"line":302,"column":34}},{"start":{},"end":{}}],"line":302},"20":{"loc":{"start":{"line":311,"column":2},"end":{"line":311,"column":34}},"type":"if","locations":[{"start":{"line":311,"column":2},"end":{"line":311,"column":34}},{"start":{},"end":{}}],"line":311},"21":{"loc":{"start":{"line":320,"column":2},"end":{"line":320,"column":34}},"type":"if","locations":[{"start":{"line":320,"column":2},"end":{"line":320,"column":34}},{"start":{},"end":{}}],"line":320},"22":{"loc":{"start":{"line":329,"column":2},"end":{"line":329,"column":34}},"type":"if","locations":[{"start":{"line":329,"column":2},"end":{"line":329,"column":34}},{"start":{},"end":{}}],"line":329},"23":{"loc":{"start":{"line":339,"column":2},"end":{"line":339,"column":34}},"type":"if","locations":[{"start":{"line":339,"column":2},"end":{"line":339,"column":34}},{"start":{},"end":{}}],"line":339},"24":{"loc":{"start":{"line":347,"column":2},"end":{"line":347,"column":34}},"type":"if","locations":[{"start":{"line":347,"column":2},"end":{"line":347,"column":34}},{"start":{},"end":{}}],"line":347},"25":{"loc":{"start":{"line":357,"column":2},"end":{"line":357,"column":34}},"type":"if","locations":[{"start":{"line":357,"column":2},"end":{"line":357,"column":34}},{"start":{},"end":{}}],"line":357},"26":{"loc":{"start":{"line":366,"column":2},"end":{"line":366,"column":34}},"type":"if","locations":[{"start":{"line":366,"column":2},"end":{"line":366,"column":34}},{"start":{},"end":{}}],"line":366},"27":{"loc":{"start":{"line":376,"column":2},"end":{"line":376,"column":34}},"type":"if","locations":[{"start":{"line":376,"column":2},"end":{"line":376,"column":34}},{"start":{},"end":{}}],"line":376},"28":{"loc":{"start":{"line":386,"column":2},"end":{"line":386,"column":34}},"type":"if","locations":[{"start":{"line":386,"column":2},"end":{"line":386,"column":34}},{"start":{},"end":{}}],"line":386},"29":{"loc":{"start":{"line":394,"column":2},"end":{"line":394,"column":34}},"type":"if","locations":[{"start":{"line":394,"column":2},"end":{"line":394,"column":34}},{"start":{},"end":{}}],"line":394},"30":{"loc":{"start":{"line":404,"column":2},"end":{"line":404,"column":34}},"type":"if","locations":[{"start":{"line":404,"column":2},"end":{"line":404,"column":34}},{"start":{},"end":{}}],"line":404},"31":{"loc":{"start":{"line":413,"column":2},"end":{"line":413,"column":34}},"type":"if","locations":[{"start":{"line":413,"column":2},"end":{"line":413,"column":34}},{"start":{},"end":{}}],"line":413},"32":{"loc":{"start":{"line":423,"column":2},"end":{"line":423,"column":34}},"type":"if","locations":[{"start":{"line":423,"column":2},"end":{"line":423,"column":34}},{"start":{},"end":{}}],"line":423},"33":{"loc":{"start":{"line":433,"column":2},"end":{"line":433,"column":34}},"type":"if","locations":[{"start":{"line":433,"column":2},"end":{"line":433,"column":34}},{"start":{},"end":{}}],"line":433},"34":{"loc":{"start":{"line":441,"column":2},"end":{"line":441,"column":34}},"type":"if","locations":[{"start":{"line":441,"column":2},"end":{"line":441,"column":34}},{"start":{},"end":{}}],"line":441},"35":{"loc":{"start":{"line":451,"column":2},"end":{"line":451,"column":34}},"type":"if","locations":[{"start":{"line":451,"column":2},"end":{"line":451,"column":34}},{"start":{},"end":{}}],"line":451},"36":{"loc":{"start":{"line":460,"column":2},"end":{"line":460,"column":34}},"type":"if","locations":[{"start":{"line":460,"column":2},"end":{"line":460,"column":34}},{"start":{},"end":{}}],"line":460},"37":{"loc":{"start":{"line":469,"column":2},"end":{"line":469,"column":34}},"type":"if","locations":[{"start":{"line":469,"column":2},"end":{"line":469,"column":34}},{"start":{},"end":{}}],"line":469},"38":{"loc":{"start":{"line":477,"column":2},"end":{"line":477,"column":34}},"type":"if","locations":[{"start":{"line":477,"column":2},"end":{"line":477,"column":34}},{"start":{},"end":{}}],"line":477},"39":{"loc":{"start":{"line":485,"column":2},"end":{"line":485,"column":34}},"type":"if","locations":[{"start":{"line":485,"column":2},"end":{"line":485,"column":34}},{"start":{},"end":{}}],"line":485},"40":{"loc":{"start":{"line":494,"column":2},"end":{"line":494,"column":34}},"type":"if","locations":[{"start":{"line":494,"column":2},"end":{"line":494,"column":34}},{"start":{},"end":{}}],"line":494},"41":{"loc":{"start":{"line":504,"column":2},"end":{"line":504,"column":34}},"type":"if","locations":[{"start":{"line":504,"column":2},"end":{"line":504,"column":34}},{"start":{},"end":{}}],"line":504},"42":{"loc":{"start":{"line":512,"column":2},"end":{"line":512,"column":34}},"type":"if","locations":[{"start":{"line":512,"column":2},"end":{"line":512,"column":34}},{"start":{},"end":{}}],"line":512},"43":{"loc":{"start":{"line":520,"column":2},"end":{"line":520,"column":34}},"type":"if","locations":[{"start":{"line":520,"column":2},"end":{"line":520,"column":34}},{"start":{},"end":{}}],"line":520},"44":{"loc":{"start":{"line":529,"column":2},"end":{"line":529,"column":34}},"type":"if","locations":[{"start":{"line":529,"column":2},"end":{"line":529,"column":34}},{"start":{},"end":{}}],"line":529},"45":{"loc":{"start":{"line":538,"column":2},"end":{"line":538,"column":34}},"type":"if","locations":[{"start":{"line":538,"column":2},"end":{"line":538,"column":34}},{"start":{},"end":{}}],"line":538},"46":{"loc":{"start":{"line":546,"column":2},"end":{"line":546,"column":34}},"type":"if","locations":[{"start":{"line":546,"column":2},"end":{"line":546,"column":34}},{"start":{},"end":{}}],"line":546},"47":{"loc":{"start":{"line":555,"column":2},"end":{"line":555,"column":34}},"type":"if","locations":[{"start":{"line":555,"column":2},"end":{"line":555,"column":34}},{"start":{},"end":{}}],"line":555},"48":{"loc":{"start":{"line":565,"column":2},"end":{"line":565,"column":34}},"type":"if","locations":[{"start":{"line":565,"column":2},"end":{"line":565,"column":34}},{"start":{},"end":{}}],"line":565},"49":{"loc":{"start":{"line":575,"column":2},"end":{"line":575,"column":34}},"type":"if","locations":[{"start":{"line":575,"column":2},"end":{"line":575,"column":34}},{"start":{},"end":{}}],"line":575},"50":{"loc":{"start":{"line":585,"column":2},"end":{"line":585,"column":34}},"type":"if","locations":[{"start":{"line":585,"column":2},"end":{"line":585,"column":34}},{"start":{},"end":{}}],"line":585},"51":{"loc":{"start":{"line":594,"column":2},"end":{"line":594,"column":34}},"type":"if","locations":[{"start":{"line":594,"column":2},"end":{"line":594,"column":34}},{"start":{},"end":{}}],"line":594},"52":{"loc":{"start":{"line":603,"column":2},"end":{"line":603,"column":34}},"type":"if","locations":[{"start":{"line":603,"column":2},"end":{"line":603,"column":34}},{"start":{},"end":{}}],"line":603},"53":{"loc":{"start":{"line":612,"column":2},"end":{"line":612,"column":34}},"type":"if","locations":[{"start":{"line":612,"column":2},"end":{"line":612,"column":34}},{"start":{},"end":{}}],"line":612}},"s":{"0":14,"1":14,"2":1,"3":1,"4":1,"5":14,"6":4,"7":4,"8":4,"9":4,"10":0,"11":4,"12":14,"13":4,"14":4,"15":4,"16":4,"17":0,"18":4,"19":14,"20":1,"21":1,"22":1,"23":1,"24":1,"25":0,"26":1,"27":1,"28":14,"29":0,"30":0,"31":0,"32":0,"33":0,"34":0,"35":0,"36":14,"37":0,"38":0,"39":0,"40":0,"41":0,"42":0,"43":0,"44":14,"45":0,"46":0,"47":0,"48":14,"49":0,"50":0,"51":0,"52":14,"53":0,"54":0,"55":0,"56":14,"57":0,"58":0,"59":0,"60":14,"61":0,"62":0,"63":0,"64":14,"65":0,"66":0,"67":0,"68":14,"69":0,"70":0,"71":0,"72":14,"73":0,"74":0,"75":0,"76":14,"77":0,"78":0,"79":0,"80":14,"81":1,"82":1,"83":1,"84":1,"85":0,"86":1,"87":14,"88":1,"89":1,"90":1,"91":1,"92":0,"93":1,"94":1,"95":14,"96":1,"97":1,"98":1,"99":1,"100":0,"101":1,"102":14,"103":2,"104":2,"105":2,"106":2,"107":0,"108":2,"109":14,"110":4,"111":4,"112":4,"113":4,"114":0,"115":4,"116":14,"117":1,"118":1,"119":1,"120":1,"121":1,"122":0,"123":1,"124":1,"125":14,"126":1,"127":1,"128":1,"129":1,"130":0,"131":1,"132":1,"133":14,"134":1,"135":1,"136":1,"137":1,"138":0,"139":1,"140":1,"141":14,"142":1,"143":1,"144":1,"145":1,"146":0,"147":1,"148":14,"149":1,"150":1,"151":1,"152":1,"153":1,"154":0,"155":1,"156":1,"157":14,"158":1,"159":1,"160":1,"161":1,"162":0,"163":1,"164":1,"165":14,"166":4,"167":4,"168":4,"169":4,"170":0,"171":4,"172":14,"173":1,"174":1,"175":1,"176":1,"177":0,"178":1,"179":1,"180":14,"181":1,"182":1,"183":1,"184":1,"185":0,"186":1,"187":14,"188":1,"189":1,"190":1,"191":1,"192":1,"193":0,"194":1,"195":1,"196":14,"197":1,"198":1,"199":1,"200":1,"201":0,"202":1,"203":1,"204":14,"205":4,"206":4,"207":4,"208":4,"209":0,"210":4,"211":14,"212":1,"213":1,"214":1,"215":1,"216":0,"217":1,"218":1,"219":14,"220":1,"221":1,"222":1,"223":1,"224":0,"225":1,"226":14,"227":4,"228":4,"229":4,"230":4,"231":0,"232":4,"233":14,"234":1,"235":1,"236":1,"237":1,"238":1,"239":0,"240":1,"241":1,"242":14,"243":1,"244":1,"245":1,"246":1,"247":0,"248":1,"249":1,"250":14,"251":1,"252":1,"253":1,"254":1,"255":0,"256":1,"257":1,"258":14,"259":1,"260":1,"261":1,"262":1,"263":0,"264":1,"265":14,"266":4,"267":4,"268":4,"269":4,"270":0,"271":4,"272":14,"273":1,"274":1,"275":1,"276":1,"277":1,"278":0,"279":1,"280":1,"281":14,"282":1,"283":1,"284":1,"285":1,"286":0,"287":1,"288":1,"289":14,"290":1,"291":1,"292":1,"293":1,"294":0,"295":1,"296":1,"297":14,"298":1,"299":1,"300":1,"301":1,"302":0,"303":1,"304":14,"305":4,"306":4,"307":4,"308":4,"309":0,"310":4,"311":14,"312":1,"313":1,"314":1,"315":1,"316":1,"317":0,"318":1,"319":1,"320":14,"321":1,"322":1,"323":1,"324":1,"325":0,"326":1,"327":1,"328":14,"329":1,"330":1,"331":1,"332":1,"333":0,"334":1,"335":14,"336":1,"337":1,"338":1,"339":1,"340":0,"341":1,"342":14,"343":1,"344":1,"345":1,"346":1,"347":0,"348":1,"349":14,"350":1,"351":1,"352":1,"353":1,"354":0,"355":1,"356":1,"357":14,"358":1,"359":1,"360":1,"361":1,"362":0,"363":1,"364":14,"365":4,"366":4,"367":4,"368":4,"369":0,"370":4,"371":14,"372":1,"373":1,"374":1,"375":1,"376":0,"377":1,"378":1,"379":14,"380":1,"381":1,"382":1,"383":1,"384":0,"385":1,"386":1,"387":14,"388":2,"389":2,"390":2,"391":2,"392":0,"393":2,"394":14,"395":0,"396":0,"397":0,"398":0,"399":0,"400":0,"401":0,"402":14,"403":0,"404":0,"405":0,"406":0,"407":0,"408":0,"409":0,"410":14,"411":2,"412":2,"413":2,"414":2,"415":0,"416":2,"417":14,"418":2,"419":2,"420":2,"421":2,"422":0,"423":2,"424":14,"425":2,"426":2,"427":2,"428":2,"429":0,"430":2,"431":14,"432":2,"433":2,"434":2,"435":2,"436":0,"437":2,"438":14,"439":2,"440":2,"441":2,"442":2,"443":0,"444":2,"445":14,"446":2,"447":2,"448":2,"449":2,"450":0,"451":2,"452":14},"f":{"0":1,"1":4,"2":4,"3":4,"4":4,"5":4,"6":4,"7":1,"8":1,"9":1,"10":0,"11":0,"12":0,"13":0,"14":0,"15":0,"16":0,"17":0,"18":0,"19":0,"20":0,"21":0,"22":0,"23":0,"24":0,"25":1,"26":1,"27":1,"28":1,"29":1,"30":1,"31":1,"32":1,"33":1,"34":2,"35":2,"36":2,"37":4,"38":4,"39":4,"40":1,"41":1,"42":1,"43":1,"44":1,"45":1,"46":1,"47":1,"48":1,"49":1,"50":1,"51":1,"52":1,"53":1,"54":1,"55":1,"56":1,"57":1,"58":4,"59":4,"60":4,"61":1,"62":1,"63":1,"64":1,"65":1,"66":1,"67":1,"68":1,"69":1,"70":1,"71":1,"72":1,"73":4,"74":4,"75":4,"76":1,"77":1,"78":1,"79":1,"80":1,"81":1,"82":4,"83":4,"84":4,"85":1,"86":1,"87":1,"88":1,"89":1,"90":1,"91":1,"92":1,"93":1,"94":1,"95":1,"96":1,"97":4,"98":4,"99":4,"100":1,"101":1,"102":1,"103":1,"104":1,"105":1,"106":1,"107":1,"108":1,"109":1,"110":1,"111":1,"112":4,"113":4,"114":4,"115":1,"116":1,"117":1,"118":1,"119":1,"120":1,"121":1,"122":1,"123":1,"124":1,"125":1,"126":1,"127":1,"128":1,"129":1,"130":1,"131":1,"132":1,"133":1,"134":1,"135":1,"136":4,"137":4,"138":4,"139":1,"140":1,"141":1,"142":1,"143":1,"144":1,"145":2,"146":2,"147":2,"148":0,"149":0,"150":0,"151":0,"152":0,"153":0,"154":2,"155":2,"156":2,"157":2,"158":2,"159":2,"160":2,"161":2,"162":2,"163":2,"164":2,"165":2,"166":2,"167":2,"168":2,"169":2,"170":2,"171":2},"b":{"0":[0,4],"1":[0,4],"2":[0,1],"3":[0,0],"4":[0,0],"5":[0,1],"6":[0,1],"7":[0,1],"8":[0,2],"9":[0,4],"10":[0,1],"11":[0,1],"12":[0,1],"13":[0,1],"14":[0,1],"15":[0,1],"16":[0,4],"17":[0,1],"18":[0,1],"19":[0,1],"20":[0,1],"21":[0,4],"22":[0,1],"23":[0,1],"24":[0,4],"25":[0,1],"26":[0,1],"27":[0,1],"28":[0,1],"29":[0,4],"30":[0,1],"31":[0,1],"32":[0,1],"33":[0,1],"34":[0,4],"35":[0,1],"36":[0,1],"37":[0,1],"38":[0,1],"39":[0,1],"40":[0,1],"41":[0,1],"42":[0,4],"43":[0,1],"44":[0,1],"45":[0,2],"46":[0,0],"47":[0,0],"48":[0,2],"49":[0,2],"50":[0,2],"51":[0,2],"52":[0,2],"53":[0,2]},"_coverageSchema":"1a1c01bbd47fc00a2c39e90264f33305004495a9","hash":"873d6b0066f14e7cfd91b71783c8d045c0f0411d"}
,"D:\\Universidad\\Junio 2022\\AyD1\\proyecto1_g10\\BackEnd\\services\\registerService.js": {"path":"D:\\Universidad\\Junio 2022\\AyD1\\proyecto1_g10\\BackEnd\\services\\registerService.js","statementMap":{"0":{"start":{"line":1,"column":19},"end":{"line":1,"column":39}},"1":{"start":{"line":2,"column":12},"end":{"line":2,"column":26}},"2":{"start":{"line":4,"column":24},"end":{"line":4,"column":47}},"3":{"start":{"line":10,"column":0},"end":{"line":27,"column":2}},"4":{"start":{"line":13,"column":5},"end":{"line":13,"column":13}},"5":{"start":{"line":17,"column":1},"end":{"line":26,"column":2}},"6":{"start":{"line":18,"column":2},"end":{"line":18,"column":45}},"7":{"start":{"line":19,"column":8},"end":{"line":26,"column":2}},"8":{"start":{"line":20,"column":2},"end":{"line":20,"column":65}},"9":{"start":{"line":21,"column":8},"end":{"line":26,"column":2}},"10":{"start":{"line":22,"column":2},"end":{"line":22,"column":39}},"11":{"start":{"line":24,"column":2},"end":{"line":24,"column":64}},"12":{"start":{"line":25,"column":2},"end":{"line":25,"column":50}}},"fnMap":{"0":{"name":"x","decl":{"start":{"line":10,"column":34},"end":{"line":10,"column":35}},"loc":{"start":{"line":10,"column":46},"end":{"line":27,"column":1}},"line":10}},"branchMap":{"0":{"loc":{"start":{"line":17,"column":1},"end":{"line":26,"column":2}},"type":"if","locations":[{"start":{"line":17,"column":1},"end":{"line":26,"column":2}},{"start":{"line":19,"column":8},"end":{"line":26,"column":2}}],"line":17},"1":{"loc":{"start":{"line":19,"column":8},"end":{"line":26,"column":2}},"type":"if","locations":[{"start":{"line":19,"column":8},"end":{"line":26,"column":2}},{"start":{"line":21,"column":8},"end":{"line":26,"column":2}}],"line":19},"2":{"loc":{"start":{"line":21,"column":8},"end":{"line":26,"column":2}},"type":"if","locations":[{"start":{"line":21,"column":8},"end":{"line":26,"column":2}},{"start":{"line":23,"column":8},"end":{"line":26,"column":2}}],"line":21}},"s":{"0":14,"1":14,"2":14,"3":14,"4":4,"5":4,"6":1,"7":3,"8":1,"9":2,"10":1,"11":1,"12":1},"f":{"0":4},"b":{"0":[1,3],"1":[1,2],"2":[1,1]},"_coverageSchema":"1a1c01bbd47fc00a2c39e90264f33305004495a9","hash":"eac583490a737801a1f632f0789aeaf7cc3de56f"}
,"D:\\Universidad\\Junio 2022\\AyD1\\proyecto1_g10\\BackEnd\\services\\registroServicio.js": {"path":"D:\\Universidad\\Junio 2022\\AyD1\\proyecto1_g10\\BackEnd\\services\\registroServicio.js","statementMap":{"0":{"start":{"line":1,"column":12},"end":{"line":1,"column":26}},"1":{"start":{"line":2,"column":26},"end":{"line":2,"column":52}},"2":{"start":{"line":3,"column":19},"end":{"line":3,"column":50}},"3":{"start":{"line":5,"column":0},"end":{"line":17,"column":2}},"4":{"start":{"line":8,"column":5},"end":{"line":8,"column":13}},"5":{"start":{"line":9,"column":1},"end":{"line":11,"column":2}},"6":{"start":{"line":10,"column":2},"end":{"line":10,"column":79}},"7":{"start":{"line":12,"column":1},"end":{"line":14,"column":2}},"8":{"start":{"line":13,"column":2},"end":{"line":13,"column":69}},"9":{"start":{"line":15,"column":1},"end":{"line":15,"column":78}},"10":{"start":{"line":16,"column":1},"end":{"line":16,"column":72}}},"fnMap":{"0":{"name":"(anonymous_0)","decl":{"start":{"line":5,"column":28},"end":{"line":5,"column":29}},"loc":{"start":{"line":5,"column":48},"end":{"line":17,"column":1}},"line":5}},"branchMap":{"0":{"loc":{"start":{"line":9,"column":1},"end":{"line":11,"column":2}},"type":"if","locations":[{"start":{"line":9,"column":1},"end":{"line":11,"column":2}},{"start":{},"end":{}}],"line":9},"1":{"loc":{"start":{"line":9,"column":5},"end":{"line":9,"column":101}},"type":"binary-expr","locations":[{"start":{"line":9,"column":5},"end":{"line":9,"column":78}},{"start":{"line":9,"column":82},"end":{"line":9,"column":101}}],"line":9},"2":{"loc":{"start":{"line":12,"column":1},"end":{"line":14,"column":2}},"type":"if","locations":[{"start":{"line":12,"column":1},"end":{"line":14,"column":2}},{"start":{},"end":{}}],"line":12}},"s":{"0":14,"1":14,"2":14,"3":14,"4":3,"5":3,"6":1,"7":2,"8":1,"9":1,"10":1},"f":{"0":3},"b":{"0":[1,2],"1":[3,1],"2":[1,1]},"_coverageSchema":"1a1c01bbd47fc00a2c39e90264f33305004495a9","hash":"c15e806d67c403c87a0d8ee99e7e7bc1c1c94791"}
,"D:\\Universidad\\Junio 2022\\AyD1\\proyecto1_g10\\BackEnd\\utils\\data.js": {"path":"D:\\Universidad\\Junio 2022\\AyD1\\proyecto1_g10\\BackEnd\\utils\\data.js","statementMap":{"0":{"start":{"line":1,"column":14},"end":{"line":4,"column":1}},"1":{"start":{"line":6,"column":14},"end":{"line":10,"column":1}},"2":{"start":{"line":12,"column":0},"end":{"line":12,"column":34}}},"fnMap":{},"branchMap":{},"s":{"0":14,"1":14,"2":14},"f":{},"b":{},"_coverageSchema":"1a1c01bbd47fc00a2c39e90264f33305004495a9","hash":"6e6ad8455c91250049220ef6aa8f9ad90f45ea6b"}
,"D:\\Universidad\\Junio 2022\\AyD1\\proyecto1_g10\\BackEnd\\utils\\handleJwt.js": {"path":"D:\\Universidad\\Junio 2022\\AyD1\\proyecto1_g10\\BackEnd\\utils\\handleJwt.js","statementMap":{"0":{"start":{"line":1,"column":12},"end":{"line":1,"column":35}},"1":{"start":{"line":7,"column":18},"end":{"line":20,"column":1}},"2":{"start":{"line":8,"column":14},"end":{"line":17,"column":2}},"3":{"start":{"line":19,"column":1},"end":{"line":19,"column":13}},"4":{"start":{"line":33,"column":0},"end":{"line":33,"column":31}}},"fnMap":{"0":{"name":"(anonymous_0)","decl":{"start":{"line":7,"column":18},"end":{"line":7,"column":19}},"loc":{"start":{"line":7,"column":34},"end":{"line":20,"column":1}},"line":7}},"branchMap":{},"s":{"0":14,"1":14,"2":1,"3":1,"4":14},"f":{"0":1},"b":{},"_coverageSchema":"1a1c01bbd47fc00a2c39e90264f33305004495a9","hash":"a2a5fd53b36fa56792f295546a0257447d9d869c"}
,"D:\\Universidad\\Junio 2022\\AyD1\\proyecto1_g10\\BackEnd\\utils\\handlePassword.js": {"path":"D:\\Universidad\\Junio 2022\\AyD1\\proyecto1_g10\\BackEnd\\utils\\handlePassword.js","statementMap":{"0":{"start":{"line":1,"column":12},"end":{"line":1,"column":26}},"1":{"start":{"line":8,"column":16},"end":{"line":15,"column":1}},"2":{"start":{"line":9,"column":21},"end":{"line":9,"column":39}},"3":{"start":{"line":11,"column":1},"end":{"line":13,"column":28}},"4":{"start":{"line":12,"column":2},"end":{"line":12,"column":21}},"5":{"start":{"line":13,"column":8},"end":{"line":13,"column":28}},"6":{"start":{"line":14,"column":1},"end":{"line":14,"column":20}},"7":{"start":{"line":17,"column":0},"end":{"line":17,"column":29}}},"fnMap":{"0":{"name":"(anonymous_0)","decl":{"start":{"line":8,"column":16},"end":{"line":8,"column":17}},"loc":{"start":{"line":8,"column":55},"end":{"line":15,"column":1}},"line":8}},"branchMap":{"0":{"loc":{"start":{"line":11,"column":1},"end":{"line":13,"column":28}},"type":"if","locations":[{"start":{"line":11,"column":1},"end":{"line":13,"column":28}},{"start":{"line":13,"column":8},"end":{"line":13,"column":28}}],"line":11}},"s":{"0":14,"1":14,"2":2,"3":2,"4":1,"5":1,"6":2,"7":14},"f":{"0":2},"b":{"0":[1,1]},"_coverageSchema":"1a1c01bbd47fc00a2c39e90264f33305004495a9","hash":"a13cb90a42a1c6dcfb750228913ae484984046af"}
}
