TN:
SF:server.js
FN:39,(anonymous_0)
FNF:1
FNH:1
FNDA:114,(anonymous_0)
DA:1,14
DA:2,14
DA:3,14
DA:5,14
DA:6,14
DA:7,14
DA:8,14
DA:9,14
DA:10,14
DA:11,14
DA:12,14
DA:13,14
DA:14,14
DA:15,14
DA:16,14
DA:17,14
DA:18,14
DA:19,14
DA:20,14
DA:21,14
DA:23,14
DA:24,14
DA:27,14
DA:28,14
DA:30,14
DA:36,14
DA:37,14
DA:39,14
DA:40,114
DA:41,114
DA:42,114
DA:43,114
DA:44,114
DA:47,14
DA:48,14
DA:49,14
DA:50,14
DA:51,14
DA:52,14
DA:53,14
DA:54,14
DA:55,14
DA:56,14
DA:57,14
DA:58,14
DA:60,14
DA:61,14
DA:62,14
DA:63,14
DA:65,14
DA:66,14
DA:68,14
DA:69,14
DA:70,14
DA:71,14
DA:72,14
DA:73,14
DA:74,14
DA:75,14
DA:76,14
DA:77,14
DA:78,14
DA:79,14
DA:80,14
DA:81,14
DA:82,14
DA:83,14
DA:84,14
DA:85,14
DA:86,14
DA:87,14
DA:88,14
DA:89,14
DA:90,14
DA:91,14
DA:92,14
DA:93,14
DA:94,14
DA:95,14
DA:96,14
DA:97,14
DA:98,14
DA:99,14
DA:100,14
DA:101,14
DA:102,14
DA:103,14
DA:104,14
DA:105,14
DA:106,14
DA:107,14
DA:108,14
DA:109,14
DA:111,14
DA:112,14
LF:95
LH:95
BRF:0
BRH:0
end_of_record
TN:
SF:config\connectDb.js
FN:14,(anonymous_0)
FN:14,(anonymous_1)
FN:15,(anonymous_2)
FN:19,(anonymous_3)
FNF:4
FNH:4
FNDA:1,(anonymous_0)
FNDA:1,(anonymous_1)
FNDA:1,(anonymous_2)
FNDA:1,(anonymous_3)
DA:2,14
DA:3,14
DA:6,14
DA:14,14
DA:15,1
DA:16,1
DA:17,0
DA:19,1
DA:20,1
DA:21,0
DA:23,1
DA:26,1
DA:32,14
LF:13
LH:11
BRDA:16,0,0,0
BRDA:16,0,1,1
BRDA:20,1,0,0
BRDA:20,1,1,1
BRF:4
BRH:2
end_of_record
TN:
SF:config\connectDb2.js
FN:12,(anonymous_0)
FNF:1
FNH:1
FNDA:13,(anonymous_0)
DA:1,14
DA:2,14
DA:4,14
DA:12,14
DA:13,13
DA:14,13
DA:17,14
LF:7
LH:7
BRDA:13,0,0,0
BRDA:13,0,1,13
BRF:2
BRH:1
end_of_record
TN:
SF:config\connectS3.js
FN:18,uploadFile
FNF:1
FNH:1
FNDA:3,uploadFile
DA:1,14
DA:3,14
DA:4,14
DA:5,14
DA:6,14
DA:7,14
DA:9,14
DA:15,14
DA:19,3
DA:20,3
DA:27,3
DA:30,14
DA:31,14
DA:32,14
LF:14
LH:14
BRF:0
BRH:0
end_of_record
TN:
SF:services\Automovil.js
FN:14,reverse
FN:18,bucketS3
FN:28,(anonymous_2)
FN:68,(anonymous_3)
FN:79,(anonymous_4)
FN:103,(anonymous_5)
FN:117,(anonymous_6)
FN:133,(anonymous_7)
FNF:8
FNH:8
FNDA:2,reverse
FNDA:1,bucketS3
FNDA:8,(anonymous_2)
FNDA:1,(anonymous_3)
FNDA:2,(anonymous_4)
FNDA:2,(anonymous_5)
FNDA:2,(anonymous_6)
FNDA:2,(anonymous_7)
DA:2,14
DA:3,14
DA:12,14
DA:15,2
DA:19,1
DA:20,1
DA:21,1
DA:22,1
DA:23,1
DA:24,1
DA:25,1
DA:28,14
DA:37,8
DA:38,8
DA:39,1
DA:41,7
DA:42,1
DA:44,6
DA:45,1
DA:47,5
DA:48,1
DA:50,4
DA:51,1
DA:53,3
DA:54,1
DA:56,2
DA:57,1
DA:59,1
DA:61,1
DA:63,1
DA:65,1
DA:68,14
DA:69,1
DA:70,1
DA:72,1
DA:73,53
DA:76,1
DA:79,14
DA:90,2
DA:91,2
DA:92,2
DA:93,1
DA:96,1
DA:98,1
DA:100,1
DA:103,14
DA:106,2
DA:107,2
DA:108,2
DA:109,1
DA:112,1
DA:114,1
DA:117,14
DA:120,2
DA:121,2
DA:122,2
DA:123,1
DA:125,1
DA:127,1
DA:128,2
DA:130,1
DA:133,14
DA:136,2
DA:137,2
DA:138,2
DA:139,1
DA:141,1
DA:143,1
DA:144,1
DA:146,1
LF:70
LH:70
BRDA:38,0,0,1
BRDA:38,0,1,7
BRDA:41,1,0,1
BRDA:41,1,1,6
BRDA:44,2,0,1
BRDA:44,2,1,5
BRDA:47,3,0,1
BRDA:47,3,1,4
BRDA:50,4,0,1
BRDA:50,4,1,3
BRDA:53,5,0,1
BRDA:53,5,1,2
BRDA:56,6,0,1
BRDA:56,6,1,1
BRDA:92,7,0,1
BRDA:92,7,1,1
BRDA:108,8,0,1
BRDA:108,8,1,1
BRDA:122,9,0,1
BRDA:122,9,1,1
BRDA:138,10,0,1
BRDA:138,10,1,1
BRF:22
BRH:22
end_of_record
TN:
SF:services\FindCity.js
FN:4,(anonymous_0)
FNF:1
FNH:1
FNDA:1,(anonymous_0)
DA:1,14
DA:2,14
DA:4,14
DA:5,1
DA:6,1
DA:7,0
DA:9,1
DA:11,1
DA:12,2
DA:14,1
LF:10
LH:9
BRDA:6,0,0,0
BRDA:6,0,1,1
BRF:2
BRH:1
end_of_record
TN:
SF:services\FindUser.js
FN:5,(anonymous_0)
FN:16,(anonymous_1)
FNF:2
FNH:2
FNDA:2,(anonymous_0)
FNDA:2,(anonymous_1)
DA:1,14
DA:2,14
DA:3,14
DA:5,14
DA:8,2
DA:9,2
DA:10,2
DA:11,1
DA:13,1
DA:16,14
DA:23,2
DA:24,2
DA:25,2
DA:26,1
DA:28,1
DA:29,1
DA:30,1
DA:31,1
LF:18
LH:18
BRDA:10,0,0,1
BRDA:10,0,1,1
BRDA:25,1,0,1
BRDA:25,1,1,1
BRF:4
BRH:4
end_of_record
TN:
SF:services\GetReservaUsuario.js
FN:8,(anonymous_0)
FNF:1
FNH:1
FNDA:2,(anonymous_0)
DA:1,14
DA:6,14
DA:8,14
DA:11,2
DA:12,2
DA:13,1
DA:15,1
DA:16,1
DA:17,1
DA:18,1
DA:19,1
DA:20,1
DA:23,1
DA:24,0
DA:27,1
DA:28,0
DA:31,1
DA:32,0
DA:34,1
LF:19
LH:16
BRDA:12,0,0,1
BRDA:12,0,1,1
BRF:2
BRH:2
end_of_record
TN:
SF:services\Habitacion.js
FN:16,reverse
FN:20,bucketS3
FN:30,(anonymous_2)
FN:67,(anonymous_3)
FN:77,(anonymous_4)
FN:98,(anonymous_5)
FN:112,(anonymous_6)
FN:128,(anonymous_7)
FNF:8
FNH:8
FNDA:2,reverse
FNDA:1,bucketS3
FNDA:8,(anonymous_2)
FNDA:1,(anonymous_3)
FNDA:2,(anonymous_4)
FNDA:2,(anonymous_5)
FNDA:2,(anonymous_6)
FNDA:2,(anonymous_7)
DA:4,14
DA:5,14
DA:14,14
DA:17,2
DA:21,1
DA:22,1
DA:23,1
DA:24,1
DA:25,1
DA:26,1
DA:27,1
DA:30,14
DA:39,8
DA:41,8
DA:42,1
DA:44,7
DA:45,1
DA:47,6
DA:48,1
DA:50,5
DA:51,1
DA:53,4
DA:54,1
DA:56,3
DA:57,2
DA:59,1
DA:60,1
DA:62,1
DA:64,1
DA:67,14
DA:68,1
DA:69,1
DA:71,1
DA:72,40
DA:74,1
DA:77,14
DA:85,2
DA:86,2
DA:87,2
DA:88,1
DA:91,1
DA:93,1
DA:95,1
DA:98,14
DA:101,2
DA:102,2
DA:103,2
DA:104,1
DA:107,1
DA:109,1
DA:112,14
DA:115,2
DA:116,2
DA:117,2
DA:118,1
DA:120,1
DA:122,1
DA:123,4
DA:125,1
DA:128,14
DA:131,2
DA:132,2
DA:133,2
DA:134,1
DA:136,1
DA:138,1
DA:139,1
DA:141,1
LF:68
LH:68
BRDA:41,0,0,1
BRDA:41,0,1,7
BRDA:44,1,0,1
BRDA:44,1,1,6
BRDA:47,2,0,1
BRDA:47,2,1,5
BRDA:50,3,0,1
BRDA:50,3,1,4
BRDA:53,4,0,1
BRDA:53,4,1,3
BRDA:56,5,0,2
BRDA:56,5,1,1
BRDA:87,6,0,1
BRDA:87,6,1,1
BRDA:103,7,0,1
BRDA:103,7,1,1
BRDA:117,8,0,1
BRDA:117,8,1,1
BRDA:133,9,0,1
BRDA:133,9,1,1
BRF:20
BRH:20
end_of_record
TN:
SF:services\RAutomovil.js
FN:10,reverse
FN:14,(anonymous_1)
FN:45,(anonymous_2)
FN:56,(anonymous_3)
FN:74,(anonymous_4)
FNF:5
FNH:5
FNDA:4,reverse
FNDA:6,(anonymous_1)
FNDA:1,(anonymous_2)
FNDA:2,(anonymous_3)
FNDA:2,(anonymous_4)
DA:1,14
DA:8,14
DA:11,4
DA:14,14
DA:21,6
DA:22,6
DA:23,1
DA:25,5
DA:26,1
DA:28,4
DA:29,1
DA:31,3
DA:32,1
DA:34,2
DA:35,1
DA:37,1
DA:38,1
DA:40,1
DA:42,1
DA:45,14
DA:46,1
DA:47,1
DA:49,1
DA:50,22
DA:53,1
DA:56,14
DA:62,2
DA:63,2
DA:64,2
DA:65,1
DA:67,1
DA:68,1
DA:70,1
DA:71,1
DA:74,14
DA:77,2
DA:78,2
DA:79,2
DA:80,1
DA:83,1
DA:84,1
LF:41
LH:41
BRDA:22,0,0,1
BRDA:22,0,1,5
BRDA:25,1,0,1
BRDA:25,1,1,4
BRDA:28,2,0,1
BRDA:28,2,1,3
BRDA:31,3,0,1
BRDA:31,3,1,2
BRDA:34,4,0,1
BRDA:34,4,1,1
BRDA:64,5,0,1
BRDA:64,5,1,1
BRDA:79,6,0,1
BRDA:79,6,1,1
BRF:14
BRH:14
end_of_record
TN:
SF:services\RHabitacion.js
FN:10,reverse
FN:14,(anonymous_1)
FN:45,(anonymous_2)
FN:56,(anonymous_3)
FN:74,(anonymous_4)
FNF:5
FNH:5
FNDA:4,reverse
FNDA:6,(anonymous_1)
FNDA:1,(anonymous_2)
FNDA:2,(anonymous_3)
FNDA:2,(anonymous_4)
DA:1,14
DA:8,14
DA:11,4
DA:14,14
DA:21,6
DA:22,6
DA:23,1
DA:25,5
DA:26,1
DA:28,4
DA:29,1
DA:31,3
DA:32,1
DA:34,2
DA:35,1
DA:37,1
DA:38,1
DA:40,1
DA:42,1
DA:45,14
DA:46,1
DA:47,1
DA:49,1
DA:50,22
DA:53,1
DA:56,14
DA:62,2
DA:63,2
DA:64,2
DA:65,1
DA:67,1
DA:68,1
DA:70,1
DA:71,1
DA:74,14
DA:77,2
DA:78,2
DA:79,2
DA:80,1
DA:83,1
DA:84,1
LF:41
LH:41
BRDA:22,0,0,1
BRDA:22,0,1,5
BRDA:25,1,0,1
BRDA:25,1,1,4
BRDA:28,2,0,1
BRDA:28,2,1,3
BRDA:31,3,0,1
BRDA:31,3,1,2
BRDA:34,4,0,1
BRDA:34,4,1,1
BRDA:64,5,0,1
BRDA:64,5,1,1
BRDA:79,6,0,1
BRDA:79,6,1,1
BRF:14
BRH:14
end_of_record
TN:
SF:services\RVuelo.js
FN:10,reverse
FN:14,(anonymous_1)
FN:45,(anonymous_2)
FN:56,(anonymous_3)
FN:74,(anonymous_4)
FNF:5
FNH:5
FNDA:4,reverse
FNDA:6,(anonymous_1)
FNDA:1,(anonymous_2)
FNDA:2,(anonymous_3)
FNDA:2,(anonymous_4)
DA:1,14
DA:8,14
DA:11,4
DA:14,14
DA:21,6
DA:22,6
DA:23,1
DA:25,5
DA:26,1
DA:28,4
DA:29,1
DA:31,3
DA:32,1
DA:34,2
DA:35,1
DA:37,1
DA:38,1
DA:40,1
DA:42,1
DA:45,14
DA:46,1
DA:47,1
DA:49,1
DA:50,22
DA:53,1
DA:56,14
DA:62,2
DA:63,2
DA:64,2
DA:65,1
DA:67,1
DA:68,1
DA:70,1
DA:71,1
DA:74,14
DA:77,2
DA:78,2
DA:79,2
DA:80,1
DA:83,1
DA:84,1
LF:41
LH:41
BRDA:22,0,0,1
BRDA:22,0,1,5
BRDA:25,1,0,1
BRDA:25,1,1,4
BRDA:28,2,0,1
BRDA:28,2,1,3
BRDA:31,3,0,1
BRDA:31,3,1,2
BRDA:34,4,0,1
BRDA:34,4,1,1
BRDA:64,5,0,1
BRDA:64,5,1,1
BRDA:79,6,0,1
BRDA:79,6,1,1
BRF:14
BRH:14
end_of_record
TN:
SF:services\RepositorioBD.js
FN:1,registroServicios
FN:6,(anonymous_1)
FNF:2
FNH:1
FNDA:1,registroServicios
FNDA:0,(anonymous_1)
DA:2,1
DA:6,1
DA:7,0
DA:8,0
DA:9,0
DA:14,14
LF:6
LH:3
BRDA:7,0,0,0
BRDA:7,0,1,0
BRF:2
BRH:0
end_of_record
TN:
SF:services\Resenia.js
FN:11,(anonymous_0)
FN:32,(anonymous_1)
FN:43,(anonymous_2)
FN:58,(anonymous_3)
FN:72,(anonymous_4)
FNF:5
FNH:5
FNDA:4,(anonymous_0)
FNDA:1,(anonymous_1)
FNDA:2,(anonymous_2)
FNDA:2,(anonymous_3)
FNDA:2,(anonymous_4)
DA:1,14
DA:9,14
DA:11,14
DA:16,4
DA:17,4
DA:18,1
DA:20,3
DA:21,1
DA:23,2
DA:24,1
DA:27,1
DA:29,1
DA:32,14
DA:33,1
DA:34,1
DA:36,1
DA:37,38
DA:40,1
DA:43,14
DA:47,2
DA:48,2
DA:49,2
DA:50,1
DA:53,1
DA:55,1
DA:58,14
DA:61,2
DA:62,2
DA:63,2
DA:64,1
DA:67,1
DA:69,1
DA:72,14
DA:75,2
DA:76,2
DA:77,2
DA:78,1
DA:80,1
DA:82,1
DA:83,7
DA:86,1
LF:41
LH:41
BRDA:17,0,0,1
BRDA:17,0,1,3
BRDA:20,1,0,1
BRDA:20,1,1,2
BRDA:23,2,0,1
BRDA:23,2,1,1
BRDA:49,3,0,1
BRDA:49,3,1,1
BRDA:63,4,0,1
BRDA:63,4,1,1
BRDA:77,5,0,1
BRDA:77,5,1,1
BRF:12
BRH:12
end_of_record
TN:
SF:services\Servicios.js
FN:6,(anonymous_0)
FNF:1
FNH:1
FNDA:2,(anonymous_0)
DA:1,14
DA:4,14
DA:6,14
DA:9,2
DA:10,2
DA:11,2
DA:12,1
DA:14,1
DA:16,1
DA:17,1
DA:19,1
LF:11
LH:11
BRDA:11,0,0,1
BRDA:11,0,1,1
BRF:2
BRH:2
end_of_record
TN:
SF:services\Vuelo.js
FN:14,reverse
FN:18,bucketS3
FN:28,(anonymous_2)
FN:63,(anonymous_3)
FN:74,(anonymous_4)
FN:96,(anonymous_5)
FN:110,(anonymous_6)
FN:126,(anonymous_7)
FNF:8
FNH:8
FNDA:2,reverse
FNDA:1,bucketS3
FNDA:7,(anonymous_2)
FNDA:1,(anonymous_3)
FNDA:2,(anonymous_4)
FNDA:2,(anonymous_5)
FNDA:2,(anonymous_6)
FNDA:2,(anonymous_7)
DA:2,14
DA:3,14
DA:12,14
DA:15,2
DA:19,1
DA:20,1
DA:21,1
DA:22,1
DA:23,1
DA:24,1
DA:25,1
DA:28,14
DA:36,7
DA:37,7
DA:38,1
DA:40,6
DA:41,1
DA:43,5
DA:44,1
DA:46,4
DA:47,1
DA:49,3
DA:50,1
DA:52,2
DA:53,1
DA:55,1
DA:56,1
DA:58,1
DA:60,1
DA:63,14
DA:64,1
DA:65,1
DA:67,1
DA:68,47
DA:71,1
DA:74,14
DA:83,2
DA:84,2
DA:85,2
DA:86,1
DA:89,1
DA:91,1
DA:93,1
DA:96,14
DA:99,2
DA:100,2
DA:101,2
DA:102,1
DA:105,1
DA:107,1
DA:110,14
DA:113,2
DA:114,2
DA:115,2
DA:116,1
DA:118,1
DA:120,1
DA:121,40
DA:123,1
DA:126,14
DA:129,2
DA:130,2
DA:131,2
DA:132,1
DA:134,1
DA:136,1
DA:137,1
DA:139,1
LF:68
LH:68
BRDA:37,0,0,1
BRDA:37,0,1,6
BRDA:40,1,0,1
BRDA:40,1,1,5
BRDA:43,2,0,1
BRDA:43,2,1,4
BRDA:46,3,0,1
BRDA:46,3,1,3
BRDA:49,4,0,1
BRDA:49,4,1,2
BRDA:52,5,0,1
BRDA:52,5,1,1
BRDA:85,6,0,1
BRDA:85,6,1,1
BRDA:101,7,0,1
BRDA:101,7,1,1
BRDA:115,8,0,1
BRDA:115,8,1,1
BRDA:131,9,0,1
BRDA:131,9,1,1
BRF:20
BRH:20
end_of_record
TN:
SF:services\auth.js
FN:19,(anonymous_0)
FNF:1
FNH:1
FNDA:4,(anonymous_0)
DA:2,14
DA:3,14
DA:4,14
DA:5,14
DA:6,14
DA:19,14
DA:22,4
DA:23,4
DA:24,4
DA:25,1
DA:27,3
DA:28,1
DA:30,2
DA:31,2
DA:32,2
DA:33,1
DA:36,1
DA:48,1
LF:18
LH:18
BRDA:24,0,0,1
BRDA:24,0,1,3
BRDA:27,1,0,1
BRDA:27,1,1,2
BRDA:32,2,0,1
BRDA:32,2,1,1
BRF:6
BRH:6
end_of_record
TN:
SF:services\funtionsDb.js
FN:4,(anonymous_0)
FN:12,(anonymous_1)
FN:12,(anonymous_2)
FN:17,(anonymous_3)
FN:23,(anonymous_4)
FN:23,(anonymous_5)
FN:25,(anonymous_6)
FN:31,(anonymous_7)
FN:31,(anonymous_8)
FN:35,(anonymous_9)
FN:42,(anonymous_10)
FN:42,(anonymous_11)
FN:45,(anonymous_12)
FN:52,(anonymous_13)
FN:52,(anonymous_14)
FN:55,(anonymous_15)
FN:62,(anonymous_16)
FN:68,(anonymous_17)
FN:74,(anonymous_18)
FN:81,(anonymous_19)
FN:97,(anonymous_20)
FN:111,(anonymous_21)
FN:126,(anonymous_22)
FN:144,(anonymous_23)
FN:155,(anonymous_24)
FN:165,(anonymous_25)
FN:165,(anonymous_26)
FN:168,(anonymous_27)
FN:174,(anonymous_28)
FN:174,(anonymous_29)
FN:177,(anonymous_30)
FN:184,(anonymous_31)
FN:184,(anonymous_32)
FN:187,(anonymous_33)
FN:193,(anonymous_34)
FN:193,(anonymous_35)
FN:197,(anonymous_36)
FN:203,(anonymous_37)
FN:203,(anonymous_38)
FN:205,(anonymous_39)
FN:211,(anonymous_40)
FN:211,(anonymous_41)
FN:215,(anonymous_42)
FN:222,(anonymous_43)
FN:222,(anonymous_44)
FN:224,(anonymous_45)
FN:231,(anonymous_46)
FN:231,(anonymous_47)
FN:234,(anonymous_48)
FN:241,(anonymous_49)
FN:241,(anonymous_50)
FN:244,(anonymous_51)
FN:250,(anonymous_52)
FN:250,(anonymous_53)
FN:254,(anonymous_54)
FN:261,(anonymous_55)
FN:261,(anonymous_56)
FN:263,(anonymous_57)
FN:270,(anonymous_58)
FN:270,(anonymous_59)
FN:272,(anonymous_60)
FN:278,(anonymous_61)
FN:278,(anonymous_62)
FN:281,(anonymous_63)
FN:288,(anonymous_64)
FN:288,(anonymous_65)
FN:291,(anonymous_66)
FN:297,(anonymous_67)
FN:297,(anonymous_68)
FN:301,(anonymous_69)
FN:308,(anonymous_70)
FN:308,(anonymous_71)
FN:310,(anonymous_72)
FN:317,(anonymous_73)
FN:317,(anonymous_74)
FN:319,(anonymous_75)
FN:325,(anonymous_76)
FN:325,(anonymous_77)
FN:328,(anonymous_78)
FN:335,(anonymous_79)
FN:335,(anonymous_80)
FN:338,(anonymous_81)
FN:344,(anonymous_82)
FN:344,(anonymous_83)
FN:346,(anonymous_84)
FN:352,(anonymous_85)
FN:352,(anonymous_86)
FN:356,(anonymous_87)
FN:363,(anonymous_88)
FN:363,(anonymous_89)
FN:365,(anonymous_90)
FN:372,(anonymous_91)
FN:372,(anonymous_92)
FN:375,(anonymous_93)
FN:382,(anonymous_94)
FN:382,(anonymous_95)
FN:385,(anonymous_96)
FN:391,(anonymous_97)
FN:391,(anonymous_98)
FN:393,(anonymous_99)
FN:399,(anonymous_100)
FN:399,(anonymous_101)
FN:403,(anonymous_102)
FN:410,(anonymous_103)
FN:410,(anonymous_104)
FN:412,(anonymous_105)
FN:419,(anonymous_106)
FN:419,(anonymous_107)
FN:422,(anonymous_108)
FN:429,(anonymous_109)
FN:429,(anonymous_110)
FN:432,(anonymous_111)
FN:438,(anonymous_112)
FN:438,(anonymous_113)
FN:440,(anonymous_114)
FN:446,(anonymous_115)
FN:446,(anonymous_116)
FN:450,(anonymous_117)
FN:457,(anonymous_118)
FN:457,(anonymous_119)
FN:459,(anonymous_120)
FN:466,(anonymous_121)
FN:466,(anonymous_122)
FN:468,(anonymous_123)
FN:474,(anonymous_124)
FN:474,(anonymous_125)
FN:476,(anonymous_126)
FN:482,(anonymous_127)
FN:482,(anonymous_128)
FN:484,(anonymous_129)
FN:490,(anonymous_130)
FN:490,(anonymous_131)
FN:493,(anonymous_132)
FN:500,(anonymous_133)
FN:500,(anonymous_134)
FN:503,(anonymous_135)
FN:509,(anonymous_136)
FN:509,(anonymous_137)
FN:511,(anonymous_138)
FN:517,(anonymous_139)
FN:517,(anonymous_140)
FN:519,(anonymous_141)
FN:526,(anonymous_142)
FN:526,(anonymous_143)
FN:528,(anonymous_144)
FN:535,(anonymous_145)
FN:535,(anonymous_146)
FN:537,(anonymous_147)
FN:543,(anonymous_148)
FN:543,(anonymous_149)
FN:545,(anonymous_150)
FN:552,(anonymous_151)
FN:552,(anonymous_152)
FN:554,(anonymous_153)
FN:561,(anonymous_154)
FN:561,(anonymous_155)
FN:564,(anonymous_156)
FN:570,(anonymous_157)
FN:570,(anonymous_158)
FN:574,(anonymous_159)
FN:580,(anonymous_160)
FN:580,(anonymous_161)
FN:584,(anonymous_162)
FN:590,(anonymous_163)
FN:590,(anonymous_164)
FN:593,(anonymous_165)
FN:599,(anonymous_166)
FN:599,(anonymous_167)
FN:602,(anonymous_168)
FN:608,(anonymous_169)
FN:608,(anonymous_170)
FN:611,(anonymous_171)
FNF:172
FNH:151
FNDA:1,(anonymous_0)
FNDA:4,(anonymous_1)
FNDA:4,(anonymous_2)
FNDA:4,(anonymous_3)
FNDA:4,(anonymous_4)
FNDA:4,(anonymous_5)
FNDA:4,(anonymous_6)
FNDA:1,(anonymous_7)
FNDA:1,(anonymous_8)
FNDA:1,(anonymous_9)
FNDA:0,(anonymous_10)
FNDA:0,(anonymous_11)
FNDA:0,(anonymous_12)
FNDA:0,(anonymous_13)
FNDA:0,(anonymous_14)
FNDA:0,(anonymous_15)
FNDA:0,(anonymous_16)
FNDA:0,(anonymous_17)
FNDA:0,(anonymous_18)
FNDA:0,(anonymous_19)
FNDA:0,(anonymous_20)
FNDA:0,(anonymous_21)
FNDA:0,(anonymous_22)
FNDA:0,(anonymous_23)
FNDA:0,(anonymous_24)
FNDA:1,(anonymous_25)
FNDA:1,(anonymous_26)
FNDA:1,(anonymous_27)
FNDA:1,(anonymous_28)
FNDA:1,(anonymous_29)
FNDA:1,(anonymous_30)
FNDA:1,(anonymous_31)
FNDA:1,(anonymous_32)
FNDA:1,(anonymous_33)
FNDA:2,(anonymous_34)
FNDA:2,(anonymous_35)
FNDA:2,(anonymous_36)
FNDA:4,(anonymous_37)
FNDA:4,(anonymous_38)
FNDA:4,(anonymous_39)
FNDA:1,(anonymous_40)
FNDA:1,(anonymous_41)
FNDA:1,(anonymous_42)
FNDA:1,(anonymous_43)
FNDA:1,(anonymous_44)
FNDA:1,(anonymous_45)
FNDA:1,(anonymous_46)
FNDA:1,(anonymous_47)
FNDA:1,(anonymous_48)
FNDA:1,(anonymous_49)
FNDA:1,(anonymous_50)
FNDA:1,(anonymous_51)
FNDA:1,(anonymous_52)
FNDA:1,(anonymous_53)
FNDA:1,(anonymous_54)
FNDA:1,(anonymous_55)
FNDA:1,(anonymous_56)
FNDA:1,(anonymous_57)
FNDA:4,(anonymous_58)
FNDA:4,(anonymous_59)
FNDA:4,(anonymous_60)
FNDA:1,(anonymous_61)
FNDA:1,(anonymous_62)
FNDA:1,(anonymous_63)
FNDA:1,(anonymous_64)
FNDA:1,(anonymous_65)
FNDA:1,(anonymous_66)
FNDA:1,(anonymous_67)
FNDA:1,(anonymous_68)
FNDA:1,(anonymous_69)
FNDA:1,(anonymous_70)
FNDA:1,(anonymous_71)
FNDA:1,(anonymous_72)
FNDA:4,(anonymous_73)
FNDA:4,(anonymous_74)
FNDA:4,(anonymous_75)
FNDA:1,(anonymous_76)
FNDA:1,(anonymous_77)
FNDA:1,(anonymous_78)
FNDA:1,(anonymous_79)
FNDA:1,(anonymous_80)
FNDA:1,(anonymous_81)
FNDA:4,(anonymous_82)
FNDA:4,(anonymous_83)
FNDA:4,(anonymous_84)
FNDA:1,(anonymous_85)
FNDA:1,(anonymous_86)
FNDA:1,(anonymous_87)
FNDA:1,(anonymous_88)
FNDA:1,(anonymous_89)
FNDA:1,(anonymous_90)
FNDA:1,(anonymous_91)
FNDA:1,(anonymous_92)
FNDA:1,(anonymous_93)
FNDA:1,(anonymous_94)
FNDA:1,(anonymous_95)
FNDA:1,(anonymous_96)
FNDA:4,(anonymous_97)
FNDA:4,(anonymous_98)
FNDA:4,(anonymous_99)
FNDA:1,(anonymous_100)
FNDA:1,(anonymous_101)
FNDA:1,(anonymous_102)
FNDA:1,(anonymous_103)
FNDA:1,(anonymous_104)
FNDA:1,(anonymous_105)
FNDA:1,(anonymous_106)
FNDA:1,(anonymous_107)
FNDA:1,(anonymous_108)
FNDA:1,(anonymous_109)
FNDA:1,(anonymous_110)
FNDA:1,(anonymous_111)
FNDA:4,(anonymous_112)
FNDA:4,(anonymous_113)
FNDA:4,(anonymous_114)
FNDA:1,(anonymous_115)
FNDA:1,(anonymous_116)
FNDA:1,(anonymous_117)
FNDA:1,(anonymous_118)
FNDA:1,(anonymous_119)
FNDA:1,(anonymous_120)
FNDA:1,(anonymous_121)
FNDA:1,(anonymous_122)
FNDA:1,(anonymous_123)
FNDA:1,(anonymous_124)
FNDA:1,(anonymous_125)
FNDA:1,(anonymous_126)
FNDA:1,(anonymous_127)
FNDA:1,(anonymous_128)
FNDA:1,(anonymous_129)
FNDA:1,(anonymous_130)
FNDA:1,(anonymous_131)
FNDA:1,(anonymous_132)
FNDA:1,(anonymous_133)
FNDA:1,(anonymous_134)
FNDA:1,(anonymous_135)
FNDA:4,(anonymous_136)
FNDA:4,(anonymous_137)
FNDA:4,(anonymous_138)
FNDA:1,(anonymous_139)
FNDA:1,(anonymous_140)
FNDA:1,(anonymous_141)
FNDA:1,(anonymous_142)
FNDA:1,(anonymous_143)
FNDA:1,(anonymous_144)
FNDA:2,(anonymous_145)
FNDA:2,(anonymous_146)
FNDA:2,(anonymous_147)
FNDA:0,(anonymous_148)
FNDA:0,(anonymous_149)
FNDA:0,(anonymous_150)
FNDA:0,(anonymous_151)
FNDA:0,(anonymous_152)
FNDA:0,(anonymous_153)
FNDA:2,(anonymous_154)
FNDA:2,(anonymous_155)
FNDA:2,(anonymous_156)
FNDA:2,(anonymous_157)
FNDA:2,(anonymous_158)
FNDA:2,(anonymous_159)
FNDA:2,(anonymous_160)
FNDA:2,(anonymous_161)
FNDA:2,(anonymous_162)
FNDA:2,(anonymous_163)
FNDA:2,(anonymous_164)
FNDA:2,(anonymous_165)
FNDA:2,(anonymous_166)
FNDA:2,(anonymous_167)
FNDA:2,(anonymous_168)
FNDA:2,(anonymous_169)
FNDA:2,(anonymous_170)
FNDA:2,(anonymous_171)
DA:2,14
DA:4,14
DA:5,1
DA:8,1
DA:9,1
DA:12,14
DA:13,4
DA:17,4
DA:18,4
DA:19,4
DA:23,14
DA:24,4
DA:25,4
DA:26,4
DA:27,4
DA:31,14
DA:32,1
DA:33,1
DA:35,1
DA:36,1
DA:37,1
DA:38,1
DA:42,14
DA:43,0
DA:45,0
DA:46,0
DA:47,0
DA:48,0
DA:52,14
DA:53,0
DA:55,0
DA:56,0
DA:57,0
DA:58,0
DA:62,14
DA:63,0
DA:64,0
DA:65,0
DA:68,14
DA:69,0
DA:70,0
DA:71,0
DA:74,14
DA:75,0
DA:76,0
DA:77,0
DA:81,14
DA:82,0
DA:93,0
DA:94,0
DA:97,14
DA:98,0
DA:107,0
DA:108,0
DA:111,14
DA:112,0
DA:122,0
DA:123,0
DA:126,14
DA:127,0
DA:138,0
DA:139,0
DA:144,14
DA:145,0
DA:151,0
DA:152,0
DA:155,14
DA:156,0
DA:161,0
DA:162,0
DA:165,14
DA:166,1
DA:168,1
DA:169,1
DA:170,1
DA:174,14
DA:175,1
DA:177,1
DA:178,1
DA:179,1
DA:180,1
DA:184,14
DA:186,1
DA:187,1
DA:188,1
DA:189,1
DA:193,14
DA:195,2
DA:197,2
DA:198,2
DA:199,2
DA:203,14
DA:204,4
DA:205,4
DA:206,4
DA:207,4
DA:211,14
DA:212,1
DA:213,1
DA:215,1
DA:216,1
DA:217,1
DA:218,1
DA:222,14
DA:223,1
DA:224,1
DA:225,1
DA:226,1
DA:227,1
DA:231,14
DA:232,1
DA:234,1
DA:235,1
DA:236,1
DA:237,1
DA:241,14
DA:243,1
DA:244,1
DA:245,1
DA:246,1
DA:250,14
DA:251,1
DA:252,1
DA:254,1
DA:255,1
DA:256,1
DA:257,1
DA:261,14
DA:262,1
DA:263,1
DA:264,1
DA:265,1
DA:266,1
DA:270,14
DA:271,4
DA:272,4
DA:273,4
DA:274,4
DA:278,14
DA:279,1
DA:281,1
DA:282,1
DA:283,1
DA:284,1
DA:288,14
DA:290,1
DA:291,1
DA:292,1
DA:293,1
DA:297,14
DA:298,1
DA:299,1
DA:301,1
DA:302,1
DA:303,1
DA:304,1
DA:308,14
DA:309,1
DA:310,1
DA:311,1
DA:312,1
DA:313,1
DA:317,14
DA:318,4
DA:319,4
DA:320,4
DA:321,4
DA:325,14
DA:326,1
DA:328,1
DA:329,1
DA:330,1
DA:331,1
DA:335,14
DA:337,1
DA:338,1
DA:339,1
DA:340,1
DA:344,14
DA:345,4
DA:346,4
DA:347,4
DA:348,4
DA:352,14
DA:353,1
DA:354,1
DA:356,1
DA:357,1
DA:358,1
DA:359,1
DA:363,14
DA:364,1
DA:365,1
DA:366,1
DA:367,1
DA:368,1
DA:372,14
DA:373,1
DA:375,1
DA:376,1
DA:377,1
DA:378,1
DA:382,14
DA:384,1
DA:385,1
DA:386,1
DA:387,1
DA:391,14
DA:392,4
DA:393,4
DA:394,4
DA:395,4
DA:399,14
DA:400,1
DA:401,1
DA:403,1
DA:404,1
DA:405,1
DA:406,1
DA:410,14
DA:411,1
DA:412,1
DA:413,1
DA:414,1
DA:415,1
DA:419,14
DA:420,1
DA:422,1
DA:423,1
DA:424,1
DA:425,1
DA:429,14
DA:431,1
DA:432,1
DA:433,1
DA:434,1
DA:438,14
DA:439,4
DA:440,4
DA:441,4
DA:442,4
DA:446,14
DA:447,1
DA:448,1
DA:450,1
DA:451,1
DA:452,1
DA:453,1
DA:457,14
DA:458,1
DA:459,1
DA:460,1
DA:461,1
DA:462,1
DA:466,14
DA:467,1
DA:468,1
DA:469,1
DA:470,1
DA:474,14
DA:475,1
DA:476,1
DA:477,1
DA:478,1
DA:482,14
DA:483,1
DA:484,1
DA:485,1
DA:486,1
DA:490,14
DA:491,1
DA:493,1
DA:494,1
DA:495,1
DA:496,1
DA:500,14
DA:502,1
DA:503,1
DA:504,1
DA:505,1
DA:509,14
DA:510,4
DA:511,4
DA:512,4
DA:513,4
DA:517,14
DA:518,1
DA:519,1
DA:520,1
DA:521,1
DA:522,1
DA:526,14
DA:527,1
DA:528,1
DA:529,1
DA:530,1
DA:531,1
DA:535,14
DA:536,2
DA:537,2
DA:538,2
DA:539,2
DA:543,14
DA:544,0
DA:545,0
DA:546,0
DA:547,0
DA:548,0
DA:552,14
DA:553,0
DA:554,0
DA:555,0
DA:556,0
DA:557,0
DA:561,14
DA:563,2
DA:564,2
DA:565,2
DA:566,2
DA:570,14
DA:572,2
DA:574,2
DA:575,2
DA:576,2
DA:580,14
DA:582,2
DA:584,2
DA:585,2
DA:586,2
DA:590,14
DA:592,2
DA:593,2
DA:594,2
DA:595,2
DA:599,14
DA:601,2
DA:602,2
DA:603,2
DA:604,2
DA:608,14
DA:610,2
DA:611,2
DA:612,2
DA:613,2
DA:617,14
LF:345
LH:298
BRDA:18,0,0,0
BRDA:18,0,1,4
BRDA:26,1,0,0
BRDA:26,1,1,4
BRDA:36,2,0,0
BRDA:36,2,1,1
BRDA:46,3,0,0
BRDA:46,3,1,0
BRDA:56,4,0,0
BRDA:56,4,1,0
BRDA:169,5,0,0
BRDA:169,5,1,1
BRDA:178,6,0,0
BRDA:178,6,1,1
BRDA:188,7,0,0
BRDA:188,7,1,1
BRDA:198,8,0,0
BRDA:198,8,1,2
BRDA:206,9,0,0
BRDA:206,9,1,4
BRDA:216,10,0,0
BRDA:216,10,1,1
BRDA:225,11,0,0
BRDA:225,11,1,1
BRDA:235,12,0,0
BRDA:235,12,1,1
BRDA:245,13,0,0
BRDA:245,13,1,1
BRDA:255,14,0,0
BRDA:255,14,1,1
BRDA:264,15,0,0
BRDA:264,15,1,1
BRDA:273,16,0,0
BRDA:273,16,1,4
BRDA:282,17,0,0
BRDA:282,17,1,1
BRDA:292,18,0,0
BRDA:292,18,1,1
BRDA:302,19,0,0
BRDA:302,19,1,1
BRDA:311,20,0,0
BRDA:311,20,1,1
BRDA:320,21,0,0
BRDA:320,21,1,4
BRDA:329,22,0,0
BRDA:329,22,1,1
BRDA:339,23,0,0
BRDA:339,23,1,1
BRDA:347,24,0,0
BRDA:347,24,1,4
BRDA:357,25,0,0
BRDA:357,25,1,1
BRDA:366,26,0,0
BRDA:366,26,1,1
BRDA:376,27,0,0
BRDA:376,27,1,1
BRDA:386,28,0,0
BRDA:386,28,1,1
BRDA:394,29,0,0
BRDA:394,29,1,4
BRDA:404,30,0,0
BRDA:404,30,1,1
BRDA:413,31,0,0
BRDA:413,31,1,1
BRDA:423,32,0,0
BRDA:423,32,1,1
BRDA:433,33,0,0
BRDA:433,33,1,1
BRDA:441,34,0,0
BRDA:441,34,1,4
BRDA:451,35,0,0
BRDA:451,35,1,1
BRDA:460,36,0,0
BRDA:460,36,1,1
BRDA:469,37,0,0
BRDA:469,37,1,1
BRDA:477,38,0,0
BRDA:477,38,1,1
BRDA:485,39,0,0
BRDA:485,39,1,1
BRDA:494,40,0,0
BRDA:494,40,1,1
BRDA:504,41,0,0
BRDA:504,41,1,1
BRDA:512,42,0,0
BRDA:512,42,1,4
BRDA:520,43,0,0
BRDA:520,43,1,1
BRDA:529,44,0,0
BRDA:529,44,1,1
BRDA:538,45,0,0
BRDA:538,45,1,2
BRDA:546,46,0,0
BRDA:546,46,1,0
BRDA:555,47,0,0
BRDA:555,47,1,0
BRDA:565,48,0,0
BRDA:565,48,1,2
BRDA:575,49,0,0
BRDA:575,49,1,2
BRDA:585,50,0,0
BRDA:585,50,1,2
BRDA:594,51,0,0
BRDA:594,51,1,2
BRDA:603,52,0,0
BRDA:603,52,1,2
BRDA:612,53,0,0
BRDA:612,53,1,2
BRF:108
BRH:50
end_of_record
TN:
SF:services\registerService.js
FN:10,x
FNF:1
FNH:1
FNDA:4,x
DA:1,14
DA:2,14
DA:4,14
DA:10,14
DA:13,4
DA:17,4
DA:18,1
DA:19,3
DA:20,1
DA:21,2
DA:22,1
DA:24,1
DA:25,1
LF:13
LH:13
BRDA:17,0,0,1
BRDA:17,0,1,3
BRDA:19,1,0,1
BRDA:19,1,1,2
BRDA:21,2,0,1
BRDA:21,2,1,1
BRF:6
BRH:6
end_of_record
TN:
SF:services\registroServicio.js
FN:5,(anonymous_0)
FNF:1
FNH:1
FNDA:3,(anonymous_0)
DA:1,14
DA:2,14
DA:3,14
DA:5,14
DA:8,3
DA:9,3
DA:10,1
DA:12,2
DA:13,1
DA:15,1
DA:16,1
LF:11
LH:11
BRDA:9,0,0,1
BRDA:9,0,1,2
BRDA:9,1,0,3
BRDA:9,1,1,1
BRDA:12,2,0,1
BRDA:12,2,1,1
BRF:6
BRH:6
end_of_record
TN:
SF:utils\data.js
FNF:0
FNH:0
DA:1,14
DA:6,14
DA:12,14
LF:3
LH:3
BRF:0
BRH:0
end_of_record
TN:
SF:utils\handleJwt.js
FN:7,(anonymous_0)
FNF:1
FNH:1
FNDA:1,(anonymous_0)
DA:1,14
DA:7,14
DA:8,1
DA:19,1
DA:33,14
LF:5
LH:5
BRF:0
BRH:0
end_of_record
TN:
SF:utils\handlePassword.js
FN:8,(anonymous_0)
FNF:1
FNH:1
FNDA:2,(anonymous_0)
DA:1,14
DA:8,14
DA:9,2
DA:11,2
DA:12,1
DA:13,1
DA:14,2
DA:17,14
LF:8
LH:8
BRDA:11,0,0,1
BRDA:11,0,1,1
BRF:2
BRH:2
end_of_record
