<?xml version="1.0" encoding="UTF-8"?>
<coverage generated="1655668232511" clover="3.2.0">
  <project timestamp="1655668232511" name="All files">
    <metrics statements="22" coveredstatements="20" conditionals="8" coveredconditionals="6" methods="1" coveredmethods="1" elements="31" coveredelements="27" complexity="0" loc="22" ncloc="22" packages="1" files="1" classes="1"/>
    <file name="app.js" path="/home/iovana/Documentos/AYD1/TAREA2/ayd1_tarea2/BACKEND/src/app.js">
      <metrics statements="22" coveredstatements="20" conditionals="8" coveredconditionals="6" methods="1" coveredmethods="1"/>
      <line num="5" count="1" type="stmt"/>
      <line num="7" count="1" type="stmt"/>
      <line num="8" count="1" type="stmt"/>
      <line num="9" count="1" type="stmt"/>
      <line num="11" count="1" type="stmt"/>
      <line num="12" count="4" type="stmt"/>
      <line num="13" count="4" type="stmt"/>
      <line num="14" count="4" type="stmt"/>
      <line num="15" count="4" type="stmt"/>
      <line num="16" count="4" type="stmt"/>
      <line num="17" count="4" type="cond" truecount="4" falsecount="0"/>
      <line num="18" count="3" type="stmt"/>
      <line num="21" count="1" type="stmt"/>
      <line num="22" count="1" type="stmt"/>
      <line num="23" count="1" type="stmt"/>
      <line num="24" count="1" type="stmt"/>
      <line num="25" count="1" type="stmt"/>
      <line num="26" count="1" type="cond" truecount="1" falsecount="1"/>
      <line num="27" count="0" type="stmt"/>
      <line num="30" count="1" type="cond" truecount="1" falsecount="1"/>
      <line num="31" count="0" type="stmt"/>
      <line num="34" count="1" type="stmt"/>
    </file>
  </project>
</coverage>
